{"/home/jt/repos/TypeScriptDataStructuresAndAlgorithms/src/error.ts": {"path":"/home/jt/repos/TypeScriptDataStructuresAndAlgorithms/src/error.ts","statementMap":{"0":{"start":{"line":5,"column":4},"end":{"line":7,"column":6}},"1":{"start":{"line":8,"column":4},"end":{"line":8,"column":47}},"2":{"start":{"line":9,"column":4},"end":{"line":9,"column":52}},"3":{"start":{"line":15,"column":4},"end":{"line":15,"column":38}},"4":{"start":{"line":16,"column":4},"end":{"line":16,"column":35}},"5":{"start":{"line":17,"column":4},"end":{"line":17,"column":52}}},"fnMap":{"0":{"name":"(anonymous_0)","decl":{"start":{"line":4,"column":2},"end":{"line":4,"column":3}},"loc":{"start":{"line":4,"column":37},"end":{"line":10,"column":3}},"line":4},"1":{"name":"(anonymous_1)","decl":{"start":{"line":14,"column":2},"end":{"line":14,"column":3}},"loc":{"start":{"line":14,"column":28},"end":{"line":18,"column":3}},"line":14}},"branchMap":{},"s":{"0":5,"1":5,"2":5,"3":6,"4":6,"5":6},"f":{"0":5,"1":6},"b":{},"_coverageSchema":"1a1c01bbd47fc00a2c39e90264f33305004495a9","hash":"67d1c822a1fcd95c04958f4f0746d3cd70975abb"}
,"/home/jt/repos/TypeScriptDataStructuresAndAlgorithms/src/util.ts": {"path":"/home/jt/repos/TypeScriptDataStructuresAndAlgorithms/src/util.ts","statementMap":{"0":{"start":{"line":7,"column":38},"end":{"line":11,"column":1}},"1":{"start":{"line":8,"column":2},"end":{"line":10,"column":3}},"2":{"start":{"line":9,"column":4},"end":{"line":9,"column":41}}},"fnMap":{"0":{"name":"(anonymous_0)","decl":{"start":{"line":7,"column":38},"end":{"line":7,"column":39}},"loc":{"start":{"line":7,"column":67},"end":{"line":11,"column":1}},"line":7}},"branchMap":{},"s":{"0":6,"1":1041,"2":3017},"f":{"0":1041},"b":{},"_coverageSchema":"1a1c01bbd47fc00a2c39e90264f33305004495a9","hash":"17ac535881509f556088026371a492140a729672"}
,"/home/jt/repos/TypeScriptDataStructuresAndAlgorithms/src/algorithms/search-linear-collection.ts": {"path":"/home/jt/repos/TypeScriptDataStructuresAndAlgorithms/src/algorithms/search-linear-collection.ts","statementMap":{"0":{"start":{"line":16,"column":19},"end":{"line":16,"column":20}},"1":{"start":{"line":17,"column":2},"end":{"line":22,"column":3}},"2":{"start":{"line":18,"column":4},"end":{"line":20,"column":5}},"3":{"start":{"line":19,"column":6},"end":{"line":19,"column":17}},"4":{"start":{"line":21,"column":4},"end":{"line":21,"column":13}},"5":{"start":{"line":23,"column":2},"end":{"line":23,"column":12}},"6":{"start":{"line":36,"column":21},"end":{"line":38,"column":3}},"7":{"start":{"line":37,"column":4},"end":{"line":37,"column":46}},"8":{"start":{"line":39,"column":24},"end":{"line":41,"column":3}},"9":{"start":{"line":40,"column":4},"end":{"line":40,"column":46}},"10":{"start":{"line":43,"column":19},"end":{"line":43,"column":20}},"11":{"start":{"line":44,"column":20},"end":{"line":44,"column":41}},"12":{"start":{"line":46,"column":2},"end":{"line":55,"column":3}},"13":{"start":{"line":47,"column":4},"end":{"line":47,"column":45}},"14":{"start":{"line":48,"column":4},"end":{"line":54,"column":5}},"15":{"start":{"line":49,"column":6},"end":{"line":49,"column":20}},"16":{"start":{"line":50,"column":11},"end":{"line":54,"column":5}},"17":{"start":{"line":51,"column":6},"end":{"line":51,"column":21}},"18":{"start":{"line":53,"column":6},"end":{"line":53,"column":17}},"19":{"start":{"line":56,"column":2},"end":{"line":56,"column":12}}},"fnMap":{"0":{"name":"linearSearch","decl":{"start":{"line":12,"column":16},"end":{"line":12,"column":28}},"loc":{"start":{"line":15,"column":9},"end":{"line":24,"column":1}},"line":15},"1":{"name":"binarySearch","decl":{"start":{"line":29,"column":16},"end":{"line":29,"column":28}},"loc":{"start":{"line":35,"column":9},"end":{"line":57,"column":1}},"line":35},"2":{"name":"(anonymous_2)","decl":{"start":{"line":36,"column":21},"end":{"line":36,"column":22}},"loc":{"start":{"line":36,"column":37},"end":{"line":38,"column":3}},"line":36},"3":{"name":"(anonymous_3)","decl":{"start":{"line":39,"column":24},"end":{"line":39,"column":25}},"loc":{"start":{"line":39,"column":40},"end":{"line":41,"column":3}},"line":39}},"branchMap":{"0":{"loc":{"start":{"line":18,"column":4},"end":{"line":20,"column":5}},"type":"if","locations":[{"start":{"line":18,"column":4},"end":{"line":20,"column":5}},{"start":{},"end":{}}],"line":18},"1":{"loc":{"start":{"line":48,"column":4},"end":{"line":54,"column":5}},"type":"if","locations":[{"start":{"line":48,"column":4},"end":{"line":54,"column":5}},{"start":{"line":50,"column":11},"end":{"line":54,"column":5}}],"line":48},"2":{"loc":{"start":{"line":50,"column":11},"end":{"line":54,"column":5}},"type":"if","locations":[{"start":{"line":50,"column":11},"end":{"line":54,"column":5}},{"start":{"line":52,"column":11},"end":{"line":54,"column":5}}],"line":50}},"s":{"0":9,"1":9,"2":7691,"3":8,"4":7683,"5":1,"6":9,"7":24,"8":9,"9":38,"10":9,"11":9,"12":9,"13":38,"14":38,"15":14,"16":24,"17":16,"18":8,"19":1},"f":{"0":9,"1":9,"2":24,"3":38},"b":{"0":[8,7683],"1":[14,24],"2":[16,8]},"_coverageSchema":"1a1c01bbd47fc00a2c39e90264f33305004495a9","hash":"f038ddb9e7e0502fb17dff57ae151f1d77771cc5"}
,"/home/jt/repos/TypeScriptDataStructuresAndAlgorithms/src/algorithms/search-string.ts": {"path":"/home/jt/repos/TypeScriptDataStructuresAndAlgorithms/src/algorithms/search-string.ts","statementMap":{"0":{"start":{"line":19,"column":33},"end":{"line":19,"column":131}},"1":{"start":{"line":21,"column":20},"end":{"line":21,"column":23}},"2":{"start":{"line":23,"column":35},"end":{"line":33,"column":1}},"3":{"start":{"line":24,"column":15},"end":{"line":24,"column":54}},"4":{"start":{"line":26,"column":2},"end":{"line":31,"column":3}},"5":{"start":{"line":27,"column":4},"end":{"line":30,"column":6}},"6":{"start":{"line":32,"column":2},"end":{"line":32,"column":14}},"7":{"start":{"line":35,"column":39},"end":{"line":43,"column":1}},"8":{"start":{"line":36,"column":24},"end":{"line":36,"column":33}},"9":{"start":{"line":37,"column":2},"end":{"line":41,"column":3}},"10":{"start":{"line":37,"column":15},"end":{"line":37,"column":16}},"11":{"start":{"line":38,"column":4},"end":{"line":40,"column":49}},"12":{"start":{"line":42,"column":2},"end":{"line":42,"column":19}},"13":{"start":{"line":45,"column":33},"end":{"line":57,"column":1}},"14":{"start":{"line":51,"column":19},"end":{"line":51,"column":23}},"15":{"start":{"line":52,"column":2},"end":{"line":53,"column":80}},"16":{"start":{"line":54,"column":2},"end":{"line":54,"column":29}},"17":{"start":{"line":55,"column":2},"end":{"line":55,"column":50}},"18":{"start":{"line":56,"column":2},"end":{"line":56,"column":20}},"19":{"start":{"line":59,"column":40},"end":{"line":87,"column":1}},"20":{"start":{"line":70,"column":19},"end":{"line":75,"column":3}},"21":{"start":{"line":78,"column":2},"end":{"line":84,"column":5}},"22":{"start":{"line":79,"column":31},"end":{"line":82,"column":5}},"23":{"start":{"line":83,"column":4},"end":{"line":83,"column":44}},"24":{"start":{"line":86,"column":2},"end":{"line":86,"column":20}},"25":{"start":{"line":89,"column":44},"end":{"line":134,"column":1}},"26":{"start":{"line":100,"column":21},"end":{"line":100,"column":52}},"27":{"start":{"line":101,"column":26},"end":{"line":101,"column":42}},"28":{"start":{"line":106,"column":35},"end":{"line":106,"column":37}},"29":{"start":{"line":110,"column":19},"end":{"line":110,"column":79}},"30":{"start":{"line":111,"column":2},"end":{"line":114,"column":3}},"31":{"start":{"line":113,"column":4},"end":{"line":113,"column":23}},"32":{"start":{"line":115,"column":34},"end":{"line":115,"column":53}},"33":{"start":{"line":119,"column":29},"end":{"line":119,"column":48}},"34":{"start":{"line":120,"column":2},"end":{"line":131,"column":3}},"35":{"start":{"line":120,"column":15},"end":{"line":120,"column":16}},"36":{"start":{"line":121,"column":4},"end":{"line":126,"column":6}},"37":{"start":{"line":127,"column":4},"end":{"line":127,"column":41}},"38":{"start":{"line":128,"column":4},"end":{"line":130,"column":5}},"39":{"start":{"line":129,"column":6},"end":{"line":129,"column":25}},"40":{"start":{"line":133,"column":2},"end":{"line":133,"column":20}}},"fnMap":{"0":{"name":"(anonymous_0)","decl":{"start":{"line":23,"column":35},"end":{"line":23,"column":36}},"loc":{"start":{"line":23,"column":56},"end":{"line":33,"column":1}},"line":23},"1":{"name":"(anonymous_1)","decl":{"start":{"line":35,"column":39},"end":{"line":35,"column":40}},"loc":{"start":{"line":35,"column":68},"end":{"line":43,"column":1}},"line":35},"2":{"name":"(anonymous_2)","decl":{"start":{"line":45,"column":33},"end":{"line":45,"column":34}},"loc":{"start":{"line":50,"column":11},"end":{"line":57,"column":1}},"line":50},"3":{"name":"(anonymous_3)","decl":{"start":{"line":59,"column":40},"end":{"line":59,"column":41}},"loc":{"start":{"line":69,"column":5},"end":{"line":87,"column":1}},"line":69},"4":{"name":"(anonymous_4)","decl":{"start":{"line":78,"column":33},"end":{"line":78,"column":34}},"loc":{"start":{"line":78,"column":48},"end":{"line":84,"column":3}},"line":78},"5":{"name":"(anonymous_5)","decl":{"start":{"line":89,"column":44},"end":{"line":89,"column":45}},"loc":{"start":{"line":99,"column":5},"end":{"line":134,"column":1}},"line":99}},"branchMap":{"0":{"loc":{"start":{"line":26,"column":2},"end":{"line":31,"column":3}},"type":"if","locations":[{"start":{"line":26,"column":2},"end":{"line":31,"column":3}},{"start":{},"end":{}}],"line":26},"1":{"loc":{"start":{"line":62,"column":2},"end":{"line":62,"column":77}},"type":"default-arg","locations":[{"start":{"line":62,"column":54},"end":{"line":62,"column":77}}],"line":62},"2":{"loc":{"start":{"line":63,"column":2},"end":{"line":68,"column":38}},"type":"default-arg","locations":[{"start":{"line":68,"column":14},"end":{"line":68,"column":38}}],"line":63},"3":{"loc":{"start":{"line":92,"column":2},"end":{"line":92,"column":77}},"type":"default-arg","locations":[{"start":{"line":92,"column":54},"end":{"line":92,"column":77}}],"line":92},"4":{"loc":{"start":{"line":93,"column":2},"end":{"line":98,"column":38}},"type":"default-arg","locations":[{"start":{"line":98,"column":14},"end":{"line":98,"column":38}}],"line":93},"5":{"loc":{"start":{"line":111,"column":2},"end":{"line":114,"column":3}},"type":"if","locations":[{"start":{"line":111,"column":2},"end":{"line":114,"column":3}},{"start":{},"end":{}}],"line":111},"6":{"loc":{"start":{"line":128,"column":4},"end":{"line":130,"column":5}},"type":"if","locations":[{"start":{"line":128,"column":4},"end":{"line":130,"column":5}},{"start":{},"end":{}}],"line":128}},"s":{"0":1,"1":1,"2":1,"3":480,"4":480,"5":0,"6":480,"7":1,"8":22,"9":22,"10":22,"11":72,"12":22,"13":1,"14":162,"15":162,"16":162,"17":162,"18":162,"19":1,"20":13,"21":13,"22":20,"23":20,"24":13,"25":1,"26":14,"27":14,"28":14,"29":14,"30":14,"31":1,"32":14,"33":14,"34":14,"35":14,"36":198,"37":198,"38":198,"39":23,"40":14},"f":{"0":480,"1":22,"2":162,"3":13,"4":20,"5":14},"b":{"0":[0,480],"1":[11],"2":[11],"3":[0],"4":[0],"5":[1,13],"6":[23,175]},"_coverageSchema":"1a1c01bbd47fc00a2c39e90264f33305004495a9","hash":"881265342bc893bff55c27a61ec64e9ff9db54b2"}
,"/home/jt/repos/TypeScriptDataStructuresAndAlgorithms/src/algorithms/sort-linear-collection.ts": {"path":"/home/jt/repos/TypeScriptDataStructuresAndAlgorithms/src/algorithms/sort-linear-collection.ts","statementMap":{"0":{"start":{"line":36,"column":2},"end":{"line":60,"column":3}},"1":{"start":{"line":36,"column":15},"end":{"line":36,"column":16}},"2":{"start":{"line":37,"column":4},"end":{"line":37,"column":24}},"3":{"start":{"line":38,"column":4},"end":{"line":38,"column":29}},"4":{"start":{"line":40,"column":4},"end":{"line":53,"column":5}},"5":{"start":{"line":40,"column":17},"end":{"line":40,"column":18}},"6":{"start":{"line":41,"column":19},"end":{"line":41,"column":35}},"7":{"start":{"line":42,"column":6},"end":{"line":46,"column":7}},"8":{"start":{"line":43,"column":8},"end":{"line":43,"column":23}},"9":{"start":{"line":44,"column":8},"end":{"line":44,"column":25}},"10":{"start":{"line":45,"column":8},"end":{"line":45,"column":17}},"11":{"start":{"line":48,"column":6},"end":{"line":52,"column":7}},"12":{"start":{"line":49,"column":8},"end":{"line":49,"column":23}},"13":{"start":{"line":50,"column":8},"end":{"line":50,"column":25}},"14":{"start":{"line":51,"column":8},"end":{"line":51,"column":17}},"15":{"start":{"line":55,"column":4},"end":{"line":58,"column":5}},"16":{"start":{"line":57,"column":6},"end":{"line":57,"column":15}},"17":{"start":{"line":59,"column":4},"end":{"line":59,"column":47}},"18":{"start":{"line":74,"column":2},"end":{"line":80,"column":3}},"19":{"start":{"line":74,"column":15},"end":{"line":74,"column":36}},"20":{"start":{"line":75,"column":4},"end":{"line":79,"column":5}},"21":{"start":{"line":75,"column":17},"end":{"line":75,"column":18}},"22":{"start":{"line":76,"column":6},"end":{"line":78,"column":7}},"23":{"start":{"line":77,"column":8},"end":{"line":77,"column":43}},"24":{"start":{"line":94,"column":42},"end":{"line":94,"column":72}},"25":{"start":{"line":99,"column":4},"end":{"line":101,"column":5}},"26":{"start":{"line":99,"column":17},"end":{"line":99,"column":20}},"27":{"start":{"line":100,"column":6},"end":{"line":100,"column":47}},"28":{"start":{"line":102,"column":24},"end":{"line":102,"column":27}},"29":{"start":{"line":103,"column":25},"end":{"line":103,"column":35}},"30":{"start":{"line":104,"column":18},"end":{"line":104,"column":21}},"31":{"start":{"line":107,"column":4},"end":{"line":116,"column":5}},"32":{"start":{"line":108,"column":6},"end":{"line":114,"column":7}},"33":{"start":{"line":109,"column":8},"end":{"line":109,"column":67}},"34":{"start":{"line":110,"column":8},"end":{"line":110,"column":27}},"35":{"start":{"line":112,"column":8},"end":{"line":112,"column":68}},"36":{"start":{"line":113,"column":8},"end":{"line":113,"column":28}},"37":{"start":{"line":115,"column":6},"end":{"line":115,"column":19}},"38":{"start":{"line":119,"column":22},"end":{"line":119,"column":44}},"39":{"start":{"line":120,"column":4},"end":{"line":122,"column":5}},"40":{"start":{"line":120,"column":17},"end":{"line":120,"column":18}},"41":{"start":{"line":121,"column":6},"end":{"line":121,"column":73}},"42":{"start":{"line":126,"column":4},"end":{"line":129,"column":5}},"43":{"start":{"line":128,"column":6},"end":{"line":128,"column":13}},"44":{"start":{"line":131,"column":26},"end":{"line":131,"column":60}},"45":{"start":{"line":133,"column":4},"end":{"line":133,"column":32}},"46":{"start":{"line":134,"column":4},"end":{"line":134,"column":37}},"47":{"start":{"line":136,"column":4},"end":{"line":136,"column":29}},"48":{"start":{"line":140,"column":2},"end":{"line":140,"column":43}}},"fnMap":{"0":{"name":"selectionSort","decl":{"start":{"line":30,"column":16},"end":{"line":30,"column":29}},"loc":{"start":{"line":33,"column":2},"end":{"line":61,"column":1}},"line":33},"1":{"name":"bubbleSort","decl":{"start":{"line":69,"column":16},"end":{"line":69,"column":26}},"loc":{"start":{"line":72,"column":2},"end":{"line":82,"column":1}},"line":72},"2":{"name":"mergeSort","decl":{"start":{"line":89,"column":16},"end":{"line":89,"column":25}},"loc":{"start":{"line":93,"column":8},"end":{"line":141,"column":1}},"line":93},"3":{"name":"merge","decl":{"start":{"line":96,"column":11},"end":{"line":96,"column":16}},"loc":{"start":{"line":96,"column":63},"end":{"line":123,"column":3}},"line":96},"4":{"name":"mergeSortInner","decl":{"start":{"line":125,"column":11},"end":{"line":125,"column":25}},"loc":{"start":{"line":125,"column":57},"end":{"line":137,"column":3}},"line":125}},"branchMap":{"0":{"loc":{"start":{"line":42,"column":6},"end":{"line":46,"column":7}},"type":"if","locations":[{"start":{"line":42,"column":6},"end":{"line":46,"column":7}},{"start":{},"end":{}}],"line":42},"1":{"loc":{"start":{"line":48,"column":6},"end":{"line":52,"column":7}},"type":"if","locations":[{"start":{"line":48,"column":6},"end":{"line":52,"column":7}},{"start":{},"end":{}}],"line":48},"2":{"loc":{"start":{"line":55,"column":4},"end":{"line":58,"column":5}},"type":"if","locations":[{"start":{"line":55,"column":4},"end":{"line":58,"column":5}},{"start":{},"end":{}}],"line":55},"3":{"loc":{"start":{"line":76,"column":6},"end":{"line":78,"column":7}},"type":"if","locations":[{"start":{"line":76,"column":6},"end":{"line":78,"column":7}},{"start":{},"end":{}}],"line":76},"4":{"loc":{"start":{"line":107,"column":11},"end":{"line":107,"column":60}},"type":"binary-expr","locations":[{"start":{"line":107,"column":11},"end":{"line":107,"column":34}},{"start":{"line":107,"column":38},"end":{"line":107,"column":60}}],"line":107},"5":{"loc":{"start":{"line":108,"column":6},"end":{"line":114,"column":7}},"type":"if","locations":[{"start":{"line":108,"column":6},"end":{"line":114,"column":7}},{"start":{"line":111,"column":13},"end":{"line":114,"column":7}}],"line":108},"6":{"loc":{"start":{"line":126,"column":4},"end":{"line":129,"column":5}},"type":"if","locations":[{"start":{"line":126,"column":4},"end":{"line":129,"column":5}},{"start":{},"end":{}}],"line":126}},"s":{"0":216,"1":216,"2":4227,"3":4227,"4":4227,"5":4227,"6":1989372,"7":1989372,"8":4227,"9":4227,"10":4227,"11":1985145,"12":21929,"13":21929,"14":21929,"15":4227,"16":254,"17":3973,"18":216,"19":216,"20":4014,"21":4014,"22":1986136,"23":1006707,"24":216,"25":4016,"26":4016,"27":39886,"28":4016,"29":4016,"30":4016,"31":4016,"32":34811,"33":17531,"34":17531,"35":17280,"36":17280,"37":34811,"38":4016,"39":4016,"40":4016,"41":2654,"42":8248,"43":4232,"44":4016,"45":4016,"46":4016,"47":4016,"48":216},"f":{"0":216,"1":216,"2":216,"3":4016,"4":8248},"b":{"0":[4227,1985145],"1":[21929,1963216],"2":[254,3973],"3":[1006707,979429],"4":[38827,36871],"5":[17531,17280],"6":[4232,4016]},"_coverageSchema":"1a1c01bbd47fc00a2c39e90264f33305004495a9","hash":"8942e6dd76284b7f2f26bf2617d8402a1b37d36e"}
,"/home/jt/repos/TypeScriptDataStructuresAndAlgorithms/src/algorithms/sort-radix.ts": {"path":"/home/jt/repos/TypeScriptDataStructuresAndAlgorithms/src/algorithms/sort-radix.ts","statementMap":{"0":{"start":{"line":10,"column":33},"end":{"line":21,"column":1}},"1":{"start":{"line":13,"column":2},"end":{"line":15,"column":3}},"2":{"start":{"line":14,"column":4},"end":{"line":14,"column":50}},"3":{"start":{"line":16,"column":12},"end":{"line":16,"column":13}},"4":{"start":{"line":17,"column":2},"end":{"line":19,"column":3}},"5":{"start":{"line":18,"column":4},"end":{"line":18,"column":13}},"6":{"start":{"line":20,"column":2},"end":{"line":20,"column":13}},"7":{"start":{"line":23,"column":24},"end":{"line":35,"column":1}},"8":{"start":{"line":24,"column":2},"end":{"line":26,"column":3}},"9":{"start":{"line":25,"column":4},"end":{"line":25,"column":50}},"10":{"start":{"line":27,"column":2},"end":{"line":29,"column":3}},"11":{"start":{"line":28,"column":4},"end":{"line":28,"column":57}},"12":{"start":{"line":30,"column":2},"end":{"line":32,"column":3}},"13":{"start":{"line":31,"column":4},"end":{"line":31,"column":13}},"14":{"start":{"line":33,"column":14},"end":{"line":33,"column":30}},"15":{"start":{"line":34,"column":2},"end":{"line":34,"column":54}},"16":{"start":{"line":37,"column":25},"end":{"line":68,"column":1}},"17":{"start":{"line":42,"column":12},"end":{"line":42,"column":13}},"18":{"start":{"line":43,"column":2},"end":{"line":48,"column":3}},"19":{"start":{"line":45,"column":4},"end":{"line":47,"column":5}},"20":{"start":{"line":46,"column":6},"end":{"line":46,"column":20}},"21":{"start":{"line":49,"column":28},"end":{"line":49,"column":50}},"22":{"start":{"line":52,"column":2},"end":{"line":67,"column":3}},"23":{"start":{"line":52,"column":15},"end":{"line":52,"column":16}},"24":{"start":{"line":53,"column":17},"end":{"line":55,"column":6}},"25":{"start":{"line":54,"column":6},"end":{"line":54,"column":33}},"26":{"start":{"line":57,"column":4},"end":{"line":60,"column":5}},"27":{"start":{"line":58,"column":20},"end":{"line":58,"column":40}},"28":{"start":{"line":59,"column":6},"end":{"line":59,"column":32}},"29":{"start":{"line":63,"column":22},"end":{"line":63,"column":33}},"30":{"start":{"line":64,"column":4},"end":{"line":66,"column":5}},"31":{"start":{"line":64,"column":17},"end":{"line":64,"column":18}},"32":{"start":{"line":65,"column":6},"end":{"line":65,"column":50}}},"fnMap":{"0":{"name":"(anonymous_0)","decl":{"start":{"line":10,"column":33},"end":{"line":10,"column":34}},"loc":{"start":{"line":10,"column":52},"end":{"line":21,"column":1}},"line":10},"1":{"name":"(anonymous_1)","decl":{"start":{"line":23,"column":24},"end":{"line":23,"column":25}},"loc":{"start":{"line":23,"column":64},"end":{"line":35,"column":1}},"line":23},"2":{"name":"(anonymous_2)","decl":{"start":{"line":37,"column":25},"end":{"line":37,"column":26}},"loc":{"start":{"line":40,"column":11},"end":{"line":68,"column":1}},"line":40},"3":{"name":"(anonymous_3)","decl":{"start":{"line":53,"column":44},"end":{"line":53,"column":45}},"loc":{"start":{"line":53,"column":50},"end":{"line":55,"column":5}},"line":53}},"branchMap":{"0":{"loc":{"start":{"line":13,"column":2},"end":{"line":15,"column":3}},"type":"if","locations":[{"start":{"line":13,"column":2},"end":{"line":15,"column":3}},{"start":{},"end":{}}],"line":13},"1":{"loc":{"start":{"line":13,"column":6},"end":{"line":13,"column":43}},"type":"binary-expr","locations":[{"start":{"line":13,"column":6},"end":{"line":13,"column":30}},{"start":{"line":13,"column":34},"end":{"line":13,"column":43}}],"line":13},"2":{"loc":{"start":{"line":24,"column":2},"end":{"line":26,"column":3}},"type":"if","locations":[{"start":{"line":24,"column":2},"end":{"line":26,"column":3}},{"start":{},"end":{}}],"line":24},"3":{"loc":{"start":{"line":24,"column":6},"end":{"line":24,"column":43}},"type":"binary-expr","locations":[{"start":{"line":24,"column":6},"end":{"line":24,"column":30}},{"start":{"line":24,"column":34},"end":{"line":24,"column":43}}],"line":24},"4":{"loc":{"start":{"line":27,"column":2},"end":{"line":29,"column":3}},"type":"if","locations":[{"start":{"line":27,"column":2},"end":{"line":29,"column":3}},{"start":{},"end":{}}],"line":27},"5":{"loc":{"start":{"line":27,"column":6},"end":{"line":27,"column":57}},"type":"binary-expr","locations":[{"start":{"line":27,"column":6},"end":{"line":27,"column":37}},{"start":{"line":27,"column":41},"end":{"line":27,"column":57}}],"line":27},"6":{"loc":{"start":{"line":30,"column":2},"end":{"line":32,"column":3}},"type":"if","locations":[{"start":{"line":30,"column":2},"end":{"line":32,"column":3}},{"start":{},"end":{}}],"line":30},"7":{"loc":{"start":{"line":45,"column":4},"end":{"line":47,"column":5}},"type":"if","locations":[{"start":{"line":45,"column":4},"end":{"line":47,"column":5}},{"start":{},"end":{}}],"line":45}},"s":{"0":1,"1":3121,"2":2,"3":3119,"4":3119,"5":10656,"6":3119,"7":1,"8":9212,"9":2,"10":9210,"11":1,"12":9209,"13":221,"14":8988,"15":8988,"16":1,"17":107,"18":107,"19":2113,"20":128,"21":107,"22":107,"23":107,"24":210,"25":2100,"26":210,"27":9192,"28":9192,"29":210,"30":210,"31":210,"32":9192},"f":{"0":3121,"1":9212,"2":107,"3":2100},"b":{"0":[2,3119],"1":[3121,3120],"2":[2,9210],"3":[9212,9211],"4":[1,9209],"5":[9210,9210],"6":[221,8988],"7":[128,1985]},"_coverageSchema":"1a1c01bbd47fc00a2c39e90264f33305004495a9","hash":"36b7ebd55a95bc626b965766684670da915f4af4"}
,"/home/jt/repos/TypeScriptDataStructuresAndAlgorithms/src/data-structures/doubly-linked-list.ts": {"path":"/home/jt/repos/TypeScriptDataStructuresAndAlgorithms/src/data-structures/doubly-linked-list.ts","statementMap":{"0":{"start":{"line":10,"column":4},"end":{"line":10,"column":21}},"1":{"start":{"line":19,"column":4},"end":{"line":19,"column":21}},"2":{"start":{"line":27,"column":4},"end":{"line":27,"column":22}},"3":{"start":{"line":31,"column":4},"end":{"line":35,"column":5}},"4":{"start":{"line":32,"column":22},"end":{"line":32,"column":62}},"5":{"start":{"line":33,"column":6},"end":{"line":33,"column":33}},"6":{"start":{"line":34,"column":6},"end":{"line":34,"column":29}},"7":{"start":{"line":36,"column":4},"end":{"line":36,"column":25}},"8":{"start":{"line":40,"column":4},"end":{"line":40,"column":29}},"9":{"start":{"line":41,"column":4},"end":{"line":43,"column":5}},"10":{"start":{"line":42,"column":6},"end":{"line":42,"column":38}},"11":{"start":{"line":44,"column":4},"end":{"line":44,"column":24}},"12":{"start":{"line":45,"column":4},"end":{"line":45,"column":28}},"13":{"start":{"line":49,"column":20},"end":{"line":49,"column":36}},"14":{"start":{"line":50,"column":4},"end":{"line":50,"column":39}},"15":{"start":{"line":51,"column":4},"end":{"line":51,"column":25}},"16":{"start":{"line":55,"column":4},"end":{"line":57,"column":5}},"17":{"start":{"line":56,"column":6},"end":{"line":56,"column":13}},"18":{"start":{"line":58,"column":24},"end":{"line":58,"column":38}},"19":{"start":{"line":59,"column":4},"end":{"line":59,"column":38}},"20":{"start":{"line":60,"column":4},"end":{"line":60,"column":28}},"21":{"start":{"line":62,"column":4},"end":{"line":64,"column":5}},"22":{"start":{"line":63,"column":6},"end":{"line":63,"column":34}},"23":{"start":{"line":68,"column":4},"end":{"line":68,"column":22}},"24":{"start":{"line":72,"column":16},"end":{"line":72,"column":17}},"25":{"start":{"line":73,"column":18},"end":{"line":73,"column":27}},"26":{"start":{"line":74,"column":4},"end":{"line":77,"column":5}},"27":{"start":{"line":75,"column":6},"end":{"line":75,"column":17}},"28":{"start":{"line":76,"column":6},"end":{"line":76,"column":29}},"29":{"start":{"line":78,"column":4},"end":{"line":78,"column":17}},"30":{"start":{"line":82,"column":18},"end":{"line":82,"column":27}},"31":{"start":{"line":83,"column":4},"end":{"line":92,"column":6}},"32":{"start":{"line":85,"column":8},"end":{"line":87,"column":9}},"33":{"start":{"line":86,"column":10},"end":{"line":86,"column":50}},"34":{"start":{"line":88,"column":23},"end":{"line":88,"column":54}},"35":{"start":{"line":89,"column":8},"end":{"line":89,"column":31}},"36":{"start":{"line":90,"column":8},"end":{"line":90,"column":22}}},"fnMap":{"0":{"name":"(anonymous_0)","decl":{"start":{"line":9,"column":2},"end":{"line":9,"column":3}},"loc":{"start":{"line":9,"column":23},"end":{"line":11,"column":3}},"line":9},"1":{"name":"(anonymous_1)","decl":{"start":{"line":18,"column":2},"end":{"line":18,"column":3}},"loc":{"start":{"line":18,"column":23},"end":{"line":20,"column":3}},"line":18},"2":{"name":"(anonymous_2)","decl":{"start":{"line":26,"column":2},"end":{"line":26,"column":3}},"loc":{"start":{"line":26,"column":46},"end":{"line":28,"column":3}},"line":26},"3":{"name":"(anonymous_3)","decl":{"start":{"line":30,"column":2},"end":{"line":30,"column":3}},"loc":{"start":{"line":30,"column":52},"end":{"line":37,"column":3}},"line":30},"4":{"name":"(anonymous_4)","decl":{"start":{"line":39,"column":2},"end":{"line":39,"column":3}},"loc":{"start":{"line":39,"column":71},"end":{"line":46,"column":3}},"line":39},"5":{"name":"(anonymous_5)","decl":{"start":{"line":48,"column":2},"end":{"line":48,"column":3}},"loc":{"start":{"line":48,"column":20},"end":{"line":52,"column":3}},"line":48},"6":{"name":"(anonymous_6)","decl":{"start":{"line":54,"column":2},"end":{"line":54,"column":3}},"loc":{"start":{"line":54,"column":41},"end":{"line":65,"column":3}},"line":54},"7":{"name":"(anonymous_7)","decl":{"start":{"line":67,"column":2},"end":{"line":67,"column":3}},"loc":{"start":{"line":67,"column":13},"end":{"line":69,"column":3}},"line":67},"8":{"name":"(anonymous_8)","decl":{"start":{"line":71,"column":2},"end":{"line":71,"column":3}},"loc":{"start":{"line":71,"column":15},"end":{"line":79,"column":3}},"line":71},"9":{"name":"(anonymous_9)","decl":{"start":{"line":81,"column":2},"end":{"line":81,"column":3}},"loc":{"start":{"line":81,"column":53},"end":{"line":93,"column":3}},"line":81},"10":{"name":"(anonymous_10)","decl":{"start":{"line":84,"column":6},"end":{"line":84,"column":7}},"loc":{"start":{"line":84,"column":13},"end":{"line":91,"column":7}},"line":84}},"branchMap":{"0":{"loc":{"start":{"line":31,"column":4},"end":{"line":35,"column":5}},"type":"if","locations":[{"start":{"line":31,"column":4},"end":{"line":35,"column":5}},{"start":{},"end":{}}],"line":31},"1":{"loc":{"start":{"line":41,"column":4},"end":{"line":43,"column":5}},"type":"if","locations":[{"start":{"line":41,"column":4},"end":{"line":43,"column":5}},{"start":{},"end":{}}],"line":41},"2":{"loc":{"start":{"line":55,"column":4},"end":{"line":57,"column":5}},"type":"if","locations":[{"start":{"line":55,"column":4},"end":{"line":57,"column":5}},{"start":{},"end":{}}],"line":55},"3":{"loc":{"start":{"line":62,"column":4},"end":{"line":64,"column":5}},"type":"if","locations":[{"start":{"line":62,"column":4},"end":{"line":64,"column":5}},{"start":{},"end":{}}],"line":62},"4":{"loc":{"start":{"line":85,"column":8},"end":{"line":87,"column":9}},"type":"if","locations":[{"start":{"line":85,"column":8},"end":{"line":87,"column":9}},{"start":{},"end":{}}],"line":85}},"s":{"0":6035,"1":1,"2":24,"3":19,"4":2,"5":2,"6":2,"7":19,"8":4987,"9":4987,"10":980,"11":4987,"12":4987,"13":3,"14":3,"15":3,"16":984,"17":1,"18":983,"19":983,"20":983,"21":983,"22":982,"23":60,"24":19,"25":19,"26":19,"27":1072,"28":1072,"29":19,"30":2,"31":2,"32":1002,"33":2,"34":1000,"35":1000,"36":1000},"f":{"0":6035,"1":1,"2":24,"3":19,"4":4987,"5":3,"6":984,"7":60,"8":19,"9":2,"10":1002},"b":{"0":[2,17],"1":[980,4007],"2":[1,983],"3":[982,1],"4":[2,1000]},"_coverageSchema":"1a1c01bbd47fc00a2c39e90264f33305004495a9","hash":"4df5e28056b953896a9b1f9aeafb5d9bfb7467f9"}
,"/home/jt/repos/TypeScriptDataStructuresAndAlgorithms/src/data-structures/hash-table.ts": {"path":"/home/jt/repos/TypeScriptDataStructuresAndAlgorithms/src/data-structures/hash-table.ts","statementMap":{"0":{"start":{"line":10,"column":20},"end":{"line":22,"column":1}},"1":{"start":{"line":11,"column":14},"end":{"line":11,"column":29}},"2":{"start":{"line":12,"column":13},"end":{"line":12,"column":14}},"3":{"start":{"line":13,"column":2},"end":{"line":20,"column":3}},"4":{"start":{"line":13,"column":15},"end":{"line":13,"column":16}},"5":{"start":{"line":13,"column":24},"end":{"line":13,"column":34}},"6":{"start":{"line":14,"column":21},"end":{"line":14,"column":38}},"7":{"start":{"line":17,"column":4},"end":{"line":17,"column":41}},"8":{"start":{"line":19,"column":4},"end":{"line":19,"column":14}},"9":{"start":{"line":21,"column":2},"end":{"line":21,"column":14}},"10":{"start":{"line":35,"column":4},"end":{"line":35,"column":22}},"11":{"start":{"line":37,"column":4},"end":{"line":37,"column":74}},"12":{"start":{"line":38,"column":4},"end":{"line":40,"column":5}},"13":{"start":{"line":39,"column":6},"end":{"line":39,"column":13}},"14":{"start":{"line":41,"column":4},"end":{"line":43,"column":5}},"15":{"start":{"line":42,"column":6},"end":{"line":42,"column":33}},"16":{"start":{"line":47,"column":18},"end":{"line":47,"column":40}},"17":{"start":{"line":48,"column":17},"end":{"line":48,"column":35}},"18":{"start":{"line":49,"column":4},"end":{"line":51,"column":5}},"19":{"start":{"line":50,"column":6},"end":{"line":50,"column":38}},"20":{"start":{"line":52,"column":4},"end":{"line":56,"column":5}},"21":{"start":{"line":52,"column":20},"end":{"line":52,"column":29}},"22":{"start":{"line":53,"column":6},"end":{"line":55,"column":7}},"23":{"start":{"line":54,"column":8},"end":{"line":54,"column":28}},"24":{"start":{"line":57,"column":4},"end":{"line":57,"column":36}},"25":{"start":{"line":61,"column":18},"end":{"line":61,"column":40}},"26":{"start":{"line":62,"column":4},"end":{"line":64,"column":5}},"27":{"start":{"line":63,"column":6},"end":{"line":63,"column":72}},"28":{"start":{"line":65,"column":17},"end":{"line":65,"column":35}},"29":{"start":{"line":68,"column":4},"end":{"line":76,"column":5}},"30":{"start":{"line":68,"column":20},"end":{"line":68,"column":29}},"31":{"start":{"line":69,"column":6},"end":{"line":75,"column":7}},"32":{"start":{"line":70,"column":8},"end":{"line":72,"column":9}},"33":{"start":{"line":71,"column":10},"end":{"line":71,"column":17}},"34":{"start":{"line":73,"column":8},"end":{"line":73,"column":29}},"35":{"start":{"line":74,"column":8},"end":{"line":74,"column":15}},"36":{"start":{"line":77,"column":4},"end":{"line":77,"column":61}},"37":{"start":{"line":81,"column":18},"end":{"line":81,"column":40}},"38":{"start":{"line":82,"column":4},"end":{"line":87,"column":5}},"39":{"start":{"line":83,"column":6},"end":{"line":85,"column":7}},"40":{"start":{"line":84,"column":8},"end":{"line":84,"column":40}},"41":{"start":{"line":86,"column":6},"end":{"line":86,"column":13}},"42":{"start":{"line":88,"column":17},"end":{"line":88,"column":35}},"43":{"start":{"line":92,"column":4},"end":{"line":95,"column":5}},"44":{"start":{"line":93,"column":6},"end":{"line":93,"column":29}},"45":{"start":{"line":94,"column":6},"end":{"line":94,"column":13}},"46":{"start":{"line":96,"column":4},"end":{"line":103,"column":5}},"47":{"start":{"line":96,"column":20},"end":{"line":96,"column":29}},"48":{"start":{"line":97,"column":23},"end":{"line":97,"column":32}},"49":{"start":{"line":98,"column":6},"end":{"line":101,"column":7}},"50":{"start":{"line":99,"column":8},"end":{"line":99,"column":31}},"51":{"start":{"line":100,"column":8},"end":{"line":100,"column":15}},"52":{"start":{"line":102,"column":6},"end":{"line":102,"column":22}},"53":{"start":{"line":104,"column":4},"end":{"line":106,"column":5}},"54":{"start":{"line":105,"column":6},"end":{"line":105,"column":38}},"55":{"start":{"line":112,"column":4},"end":{"line":112,"column":34}}},"fnMap":{"0":{"name":"(anonymous_0)","decl":{"start":{"line":10,"column":20},"end":{"line":10,"column":21}},"loc":{"start":{"line":10,"column":49},"end":{"line":22,"column":1}},"line":10},"1":{"name":"(anonymous_1)","decl":{"start":{"line":31,"column":2},"end":{"line":31,"column":3}},"loc":{"start":{"line":34,"column":4},"end":{"line":44,"column":3}},"line":34},"2":{"name":"(anonymous_2)","decl":{"start":{"line":46,"column":2},"end":{"line":46,"column":3}},"loc":{"start":{"line":46,"column":20},"end":{"line":58,"column":3}},"line":46},"3":{"name":"(anonymous_3)","decl":{"start":{"line":60,"column":2},"end":{"line":60,"column":3}},"loc":{"start":{"line":60,"column":61},"end":{"line":78,"column":3}},"line":60},"4":{"name":"(anonymous_4)","decl":{"start":{"line":80,"column":2},"end":{"line":80,"column":3}},"loc":{"start":{"line":80,"column":47},"end":{"line":107,"column":3}},"line":80},"5":{"name":"(anonymous_5)","decl":{"start":{"line":111,"column":2},"end":{"line":111,"column":3}},"loc":{"start":{"line":111,"column":28},"end":{"line":113,"column":3}},"line":111}},"branchMap":{"0":{"loc":{"start":{"line":38,"column":4},"end":{"line":40,"column":5}},"type":"if","locations":[{"start":{"line":38,"column":4},"end":{"line":40,"column":5}},{"start":{},"end":{}}],"line":38},"1":{"loc":{"start":{"line":49,"column":4},"end":{"line":51,"column":5}},"type":"if","locations":[{"start":{"line":49,"column":4},"end":{"line":51,"column":5}},{"start":{},"end":{}}],"line":49},"2":{"loc":{"start":{"line":53,"column":6},"end":{"line":55,"column":7}},"type":"if","locations":[{"start":{"line":53,"column":6},"end":{"line":55,"column":7}},{"start":{},"end":{}}],"line":53},"3":{"loc":{"start":{"line":60,"column":38},"end":{"line":60,"column":59}},"type":"default-arg","locations":[{"start":{"line":60,"column":55},"end":{"line":60,"column":59}}],"line":60},"4":{"loc":{"start":{"line":62,"column":4},"end":{"line":64,"column":5}},"type":"if","locations":[{"start":{"line":62,"column":4},"end":{"line":64,"column":5}},{"start":{},"end":{}}],"line":62},"5":{"loc":{"start":{"line":69,"column":6},"end":{"line":75,"column":7}},"type":"if","locations":[{"start":{"line":69,"column":6},"end":{"line":75,"column":7}},{"start":{},"end":{}}],"line":69},"6":{"loc":{"start":{"line":70,"column":8},"end":{"line":72,"column":9}},"type":"if","locations":[{"start":{"line":70,"column":8},"end":{"line":72,"column":9}},{"start":{},"end":{}}],"line":70},"7":{"loc":{"start":{"line":80,"column":23},"end":{"line":80,"column":45}},"type":"default-arg","locations":[{"start":{"line":80,"column":41},"end":{"line":80,"column":45}}],"line":80},"8":{"loc":{"start":{"line":82,"column":4},"end":{"line":87,"column":5}},"type":"if","locations":[{"start":{"line":82,"column":4},"end":{"line":87,"column":5}},{"start":{},"end":{}}],"line":82},"9":{"loc":{"start":{"line":83,"column":6},"end":{"line":85,"column":7}},"type":"if","locations":[{"start":{"line":83,"column":6},"end":{"line":85,"column":7}},{"start":{},"end":{}}],"line":83},"10":{"loc":{"start":{"line":92,"column":4},"end":{"line":95,"column":5}},"type":"if","locations":[{"start":{"line":92,"column":4},"end":{"line":95,"column":5}},{"start":{},"end":{}}],"line":92},"11":{"loc":{"start":{"line":98,"column":6},"end":{"line":101,"column":7}},"type":"if","locations":[{"start":{"line":98,"column":6},"end":{"line":101,"column":7}},{"start":{},"end":{}}],"line":98},"12":{"loc":{"start":{"line":104,"column":4},"end":{"line":106,"column":5}},"type":"if","locations":[{"start":{"line":104,"column":4},"end":{"line":106,"column":5}},{"start":{},"end":{}}],"line":104}},"s":{"0":1,"1":372,"2":372,"3":372,"4":372,"5":372,"6":2294,"7":2294,"8":2294,"9":372,"10":24,"11":24,"12":24,"13":23,"14":1,"15":4,"16":176,"17":176,"18":176,"19":1,"20":175,"21":175,"22":2670,"23":174,"24":1,"25":151,"26":151,"27":48,"28":151,"29":151,"30":151,"31":1339,"32":3,"33":1,"34":2,"35":2,"36":148,"37":27,"38":27,"39":5,"40":3,"41":2,"42":22,"43":22,"44":4,"45":4,"46":18,"47":18,"48":138,"49":138,"50":16,"51":16,"52":122,"53":2,"54":1,"55":2},"f":{"0":372,"1":24,"2":176,"3":151,"4":27,"5":2},"b":{"0":[23,1],"1":[1,175],"2":[174,2496],"3":[149],"4":[48,103],"5":[3,1336],"6":[1,2],"7":[1],"8":[5,22],"9":[3,2],"10":[4,18],"11":[16,122],"12":[1,1]},"_coverageSchema":"1a1c01bbd47fc00a2c39e90264f33305004495a9","hash":"179db5b03be8f1bc04fbd0f4e0f2f4af96476f27"}
,"/home/jt/repos/TypeScriptDataStructuresAndAlgorithms/src/data-structures/queue.ts": {"path":"/home/jt/repos/TypeScriptDataStructuresAndAlgorithms/src/data-structures/queue.ts","statementMap":{"0":{"start":{"line":19,"column":31},"end":{"line":19,"column":33}},"1":{"start":{"line":22,"column":4},"end":{"line":24,"column":5}},"2":{"start":{"line":23,"column":6},"end":{"line":23,"column":41}},"3":{"start":{"line":28,"column":4},"end":{"line":28,"column":27}},"4":{"start":{"line":31,"column":4},"end":{"line":31,"column":31}},"5":{"start":{"line":34,"column":4},"end":{"line":34,"column":29}},"6":{"start":{"line":37,"column":4},"end":{"line":37,"column":36}},"7":{"start":{"line":40,"column":4},"end":{"line":40,"column":30}},"8":{"start":{"line":47,"column":20},"end":{"line":47,"column":21}},"9":{"start":{"line":50,"column":4},"end":{"line":50,"column":40}},"10":{"start":{"line":51,"column":4},"end":{"line":55,"column":5}},"11":{"start":{"line":52,"column":6},"end":{"line":54,"column":7}},"12":{"start":{"line":53,"column":8},"end":{"line":53,"column":23}},"13":{"start":{"line":59,"column":4},"end":{"line":59,"column":22}},"14":{"start":{"line":60,"column":17},"end":{"line":60,"column":43}},"15":{"start":{"line":61,"column":25},"end":{"line":61,"column":35}},"16":{"start":{"line":62,"column":4},"end":{"line":62,"column":22}},"17":{"start":{"line":63,"column":4},"end":{"line":66,"column":5}},"18":{"start":{"line":64,"column":6},"end":{"line":64,"column":39}},"19":{"start":{"line":65,"column":6},"end":{"line":65,"column":13}},"20":{"start":{"line":67,"column":4},"end":{"line":67,"column":48}},"21":{"start":{"line":70,"column":18},"end":{"line":70,"column":28}},"22":{"start":{"line":71,"column":4},"end":{"line":71,"column":33}},"23":{"start":{"line":72,"column":4},"end":{"line":74,"column":5}},"24":{"start":{"line":73,"column":6},"end":{"line":73,"column":24}},"25":{"start":{"line":75,"column":4},"end":{"line":75,"column":17}},"26":{"start":{"line":78,"column":4},"end":{"line":78,"column":33}},"27":{"start":{"line":81,"column":4},"end":{"line":81,"column":41}},"28":{"start":{"line":86,"column":4},"end":{"line":86,"column":24}}},"fnMap":{"0":{"name":"(anonymous_0)","decl":{"start":{"line":21,"column":2},"end":{"line":21,"column":3}},"loc":{"start":{"line":21,"column":48},"end":{"line":25,"column":3}},"line":21},"1":{"name":"(anonymous_1)","decl":{"start":{"line":27,"column":2},"end":{"line":27,"column":3}},"loc":{"start":{"line":27,"column":25},"end":{"line":29,"column":3}},"line":27},"2":{"name":"(anonymous_2)","decl":{"start":{"line":30,"column":2},"end":{"line":30,"column":3}},"loc":{"start":{"line":30,"column":11},"end":{"line":32,"column":3}},"line":30},"3":{"name":"(anonymous_3)","decl":{"start":{"line":33,"column":2},"end":{"line":33,"column":3}},"loc":{"start":{"line":33,"column":14},"end":{"line":35,"column":3}},"line":33},"4":{"name":"(anonymous_4)","decl":{"start":{"line":36,"column":2},"end":{"line":36,"column":3}},"loc":{"start":{"line":36,"column":16},"end":{"line":38,"column":3}},"line":36},"5":{"name":"(anonymous_5)","decl":{"start":{"line":39,"column":2},"end":{"line":39,"column":3}},"loc":{"start":{"line":39,"column":15},"end":{"line":41,"column":3}},"line":39},"6":{"name":"(anonymous_6)","decl":{"start":{"line":49,"column":2},"end":{"line":49,"column":3}},"loc":{"start":{"line":49,"column":48},"end":{"line":56,"column":3}},"line":49},"7":{"name":"(anonymous_7)","decl":{"start":{"line":58,"column":2},"end":{"line":58,"column":3}},"loc":{"start":{"line":58,"column":25},"end":{"line":68,"column":3}},"line":58},"8":{"name":"(anonymous_8)","decl":{"start":{"line":69,"column":2},"end":{"line":69,"column":3}},"loc":{"start":{"line":69,"column":11},"end":{"line":76,"column":3}},"line":69},"9":{"name":"(anonymous_9)","decl":{"start":{"line":77,"column":2},"end":{"line":77,"column":3}},"loc":{"start":{"line":77,"column":14},"end":{"line":79,"column":3}},"line":77},"10":{"name":"(anonymous_10)","decl":{"start":{"line":80,"column":2},"end":{"line":80,"column":3}},"loc":{"start":{"line":80,"column":16},"end":{"line":82,"column":3}},"line":80},"11":{"name":"(anonymous_11)","decl":{"start":{"line":83,"column":2},"end":{"line":83,"column":3}},"loc":{"start":{"line":83,"column":15},"end":{"line":87,"column":3}},"line":83}},"branchMap":{"0":{"loc":{"start":{"line":22,"column":4},"end":{"line":24,"column":5}},"type":"if","locations":[{"start":{"line":22,"column":4},"end":{"line":24,"column":5}},{"start":{},"end":{}}],"line":22},"1":{"loc":{"start":{"line":51,"column":4},"end":{"line":55,"column":5}},"type":"if","locations":[{"start":{"line":51,"column":4},"end":{"line":55,"column":5}},{"start":{},"end":{}}],"line":51},"2":{"loc":{"start":{"line":63,"column":4},"end":{"line":66,"column":5}},"type":"if","locations":[{"start":{"line":63,"column":4},"end":{"line":66,"column":5}},{"start":{},"end":{}}],"line":63},"3":{"loc":{"start":{"line":72,"column":4},"end":{"line":74,"column":5}},"type":"if","locations":[{"start":{"line":72,"column":4},"end":{"line":74,"column":5}},{"start":{},"end":{}}],"line":72}},"s":{"0":108,"1":108,"2":3,"3":222,"4":131,"5":104,"6":3,"7":18,"8":108,"9":108,"10":108,"11":3,"12":11,"13":233,"14":233,"15":233,"16":233,"17":233,"18":106,"19":106,"20":127,"21":131,"22":131,"23":131,"24":122,"25":131,"26":235,"27":236,"28":18},"f":{"0":108,"1":222,"2":131,"3":104,"4":3,"5":18,"6":108,"7":233,"8":131,"9":235,"10":236,"11":18},"b":{"0":[3,105],"1":[3,105],"2":[106,127],"3":[122,9]},"_coverageSchema":"1a1c01bbd47fc00a2c39e90264f33305004495a9","hash":"9088ec2ff0a85998f193e320eb6b303f01fe1df0"}
,"/home/jt/repos/TypeScriptDataStructuresAndAlgorithms/src/data-structures/singly-linked-list.ts": {"path":"/home/jt/repos/TypeScriptDataStructuresAndAlgorithms/src/data-structures/singly-linked-list.ts","statementMap":{"0":{"start":{"line":9,"column":4},"end":{"line":9,"column":21}},"1":{"start":{"line":17,"column":4},"end":{"line":17,"column":22}},"2":{"start":{"line":21,"column":4},"end":{"line":21,"column":30}},"3":{"start":{"line":22,"column":4},"end":{"line":22,"column":25}},"4":{"start":{"line":26,"column":4},"end":{"line":26,"column":29}},"5":{"start":{"line":27,"column":4},"end":{"line":27,"column":24}},"6":{"start":{"line":31,"column":20},"end":{"line":31,"column":36}},"7":{"start":{"line":32,"column":4},"end":{"line":36,"column":5}},"8":{"start":{"line":33,"column":6},"end":{"line":33,"column":41}},"9":{"start":{"line":34,"column":6},"end":{"line":34,"column":29}},"10":{"start":{"line":35,"column":6},"end":{"line":35,"column":13}},"11":{"start":{"line":37,"column":4},"end":{"line":37,"column":25}},"12":{"start":{"line":41,"column":24},"end":{"line":41,"column":39}},"13":{"start":{"line":42,"column":4},"end":{"line":42,"column":38}},"14":{"start":{"line":43,"column":4},"end":{"line":43,"column":28}},"15":{"start":{"line":47,"column":4},"end":{"line":47,"column":22}},"16":{"start":{"line":51,"column":16},"end":{"line":51,"column":17}},"17":{"start":{"line":52,"column":18},"end":{"line":52,"column":27}},"18":{"start":{"line":53,"column":4},"end":{"line":56,"column":5}},"19":{"start":{"line":54,"column":6},"end":{"line":54,"column":17}},"20":{"start":{"line":55,"column":6},"end":{"line":55,"column":29}},"21":{"start":{"line":57,"column":4},"end":{"line":57,"column":17}},"22":{"start":{"line":61,"column":18},"end":{"line":61,"column":27}},"23":{"start":{"line":62,"column":4},"end":{"line":71,"column":6}},"24":{"start":{"line":64,"column":8},"end":{"line":66,"column":9}},"25":{"start":{"line":65,"column":10},"end":{"line":65,"column":50}},"26":{"start":{"line":67,"column":23},"end":{"line":67,"column":54}},"27":{"start":{"line":68,"column":8},"end":{"line":68,"column":31}},"28":{"start":{"line":69,"column":8},"end":{"line":69,"column":22}},"29":{"start":{"line":76,"column":34},"end":{"line":76,"column":36}},"30":{"start":{"line":77,"column":4},"end":{"line":79,"column":5}},"31":{"start":{"line":77,"column":20},"end":{"line":77,"column":30}},"32":{"start":{"line":78,"column":6},"end":{"line":78,"column":34}},"33":{"start":{"line":80,"column":4},"end":{"line":80,"column":46}}},"fnMap":{"0":{"name":"(anonymous_0)","decl":{"start":{"line":8,"column":2},"end":{"line":8,"column":3}},"loc":{"start":{"line":8,"column":23},"end":{"line":10,"column":3}},"line":8},"1":{"name":"(anonymous_1)","decl":{"start":{"line":16,"column":2},"end":{"line":16,"column":3}},"loc":{"start":{"line":16,"column":42},"end":{"line":18,"column":3}},"line":16},"2":{"name":"(anonymous_2)","decl":{"start":{"line":20,"column":2},"end":{"line":20,"column":3}},"loc":{"start":{"line":20,"column":48},"end":{"line":23,"column":3}},"line":20},"3":{"name":"(anonymous_3)","decl":{"start":{"line":25,"column":2},"end":{"line":25,"column":3}},"loc":{"start":{"line":25,"column":71},"end":{"line":28,"column":3}},"line":25},"4":{"name":"(anonymous_4)","decl":{"start":{"line":30,"column":2},"end":{"line":30,"column":3}},"loc":{"start":{"line":30,"column":20},"end":{"line":38,"column":3}},"line":30},"5":{"name":"(anonymous_5)","decl":{"start":{"line":40,"column":2},"end":{"line":40,"column":3}},"loc":{"start":{"line":40,"column":41},"end":{"line":44,"column":3}},"line":40},"6":{"name":"(anonymous_6)","decl":{"start":{"line":46,"column":2},"end":{"line":46,"column":3}},"loc":{"start":{"line":46,"column":13},"end":{"line":48,"column":3}},"line":46},"7":{"name":"(anonymous_7)","decl":{"start":{"line":50,"column":2},"end":{"line":50,"column":3}},"loc":{"start":{"line":50,"column":15},"end":{"line":58,"column":3}},"line":50},"8":{"name":"(anonymous_8)","decl":{"start":{"line":60,"column":2},"end":{"line":60,"column":3}},"loc":{"start":{"line":60,"column":53},"end":{"line":72,"column":3}},"line":60},"9":{"name":"(anonymous_9)","decl":{"start":{"line":63,"column":6},"end":{"line":63,"column":7}},"loc":{"start":{"line":63,"column":13},"end":{"line":70,"column":7}},"line":63},"10":{"name":"(anonymous_10)","decl":{"start":{"line":75,"column":2},"end":{"line":75,"column":3}},"loc":{"start":{"line":75,"column":28},"end":{"line":81,"column":3}},"line":75}},"branchMap":{"0":{"loc":{"start":{"line":32,"column":4},"end":{"line":36,"column":5}},"type":"if","locations":[{"start":{"line":32,"column":4},"end":{"line":36,"column":5}},{"start":{},"end":{}}],"line":32},"1":{"loc":{"start":{"line":64,"column":8},"end":{"line":66,"column":9}},"type":"if","locations":[{"start":{"line":64,"column":8},"end":{"line":66,"column":9}},{"start":{},"end":{}}],"line":64}},"s":{"0":2696,"1":298,"2":515,"3":515,"4":129,"5":129,"6":272,"7":272,"8":31,"9":31,"10":31,"11":241,"12":22,"13":22,"14":22,"15":1163,"16":26,"17":26,"18":26,"19":2026,"20":2026,"21":26,"22":4,"23":4,"24":2004,"25":4,"26":2000,"27":2000,"28":2000,"29":8,"30":8,"31":8,"32":8,"33":8},"f":{"0":2696,"1":298,"2":515,"3":129,"4":272,"5":22,"6":1163,"7":26,"8":4,"9":2004,"10":8},"b":{"0":[31,241],"1":[4,2000]},"_coverageSchema":"1a1c01bbd47fc00a2c39e90264f33305004495a9","hash":"74bb816a7215dc807522ed2b794adc0ebddcd6ef"}
,"/home/jt/repos/TypeScriptDataStructuresAndAlgorithms/src/data-structures/stack.ts": {"path":"/home/jt/repos/TypeScriptDataStructuresAndAlgorithms/src/data-structures/stack.ts","statementMap":{"0":{"start":{"line":19,"column":31},"end":{"line":19,"column":33}},"1":{"start":{"line":22,"column":4},"end":{"line":24,"column":5}},"2":{"start":{"line":23,"column":6},"end":{"line":23,"column":41}},"3":{"start":{"line":28,"column":4},"end":{"line":28,"column":27}},"4":{"start":{"line":31,"column":4},"end":{"line":31,"column":29}},"5":{"start":{"line":34,"column":4},"end":{"line":34,"column":50}},"6":{"start":{"line":37,"column":4},"end":{"line":37,"column":36}},"7":{"start":{"line":40,"column":4},"end":{"line":40,"column":30}},"8":{"start":{"line":46,"column":20},"end":{"line":46,"column":21}},"9":{"start":{"line":49,"column":4},"end":{"line":49,"column":53}},"10":{"start":{"line":50,"column":4},"end":{"line":54,"column":5}},"11":{"start":{"line":51,"column":6},"end":{"line":53,"column":7}},"12":{"start":{"line":52,"column":8},"end":{"line":52,"column":24}},"13":{"start":{"line":58,"column":4},"end":{"line":58,"column":22}},"14":{"start":{"line":59,"column":4},"end":{"line":59,"column":72}},"15":{"start":{"line":62,"column":18},"end":{"line":62,"column":39}},"16":{"start":{"line":63,"column":4},"end":{"line":63,"column":33}},"17":{"start":{"line":64,"column":4},"end":{"line":66,"column":5}},"18":{"start":{"line":65,"column":6},"end":{"line":65,"column":24}},"19":{"start":{"line":67,"column":4},"end":{"line":67,"column":17}},"20":{"start":{"line":70,"column":4},"end":{"line":70,"column":33}},"21":{"start":{"line":73,"column":4},"end":{"line":73,"column":41}},"22":{"start":{"line":76,"column":4},"end":{"line":76,"column":24}}},"fnMap":{"0":{"name":"(anonymous_0)","decl":{"start":{"line":21,"column":2},"end":{"line":21,"column":3}},"loc":{"start":{"line":21,"column":48},"end":{"line":25,"column":3}},"line":21},"1":{"name":"(anonymous_1)","decl":{"start":{"line":27,"column":2},"end":{"line":27,"column":3}},"loc":{"start":{"line":27,"column":26},"end":{"line":29,"column":3}},"line":27},"2":{"name":"(anonymous_2)","decl":{"start":{"line":30,"column":2},"end":{"line":30,"column":3}},"loc":{"start":{"line":30,"column":8},"end":{"line":32,"column":3}},"line":30},"3":{"name":"(anonymous_3)","decl":{"start":{"line":33,"column":2},"end":{"line":33,"column":3}},"loc":{"start":{"line":33,"column":12},"end":{"line":35,"column":3}},"line":33},"4":{"name":"(anonymous_4)","decl":{"start":{"line":36,"column":2},"end":{"line":36,"column":3}},"loc":{"start":{"line":36,"column":16},"end":{"line":38,"column":3}},"line":36},"5":{"name":"(anonymous_5)","decl":{"start":{"line":39,"column":2},"end":{"line":39,"column":3}},"loc":{"start":{"line":39,"column":15},"end":{"line":41,"column":3}},"line":39},"6":{"name":"(anonymous_6)","decl":{"start":{"line":48,"column":2},"end":{"line":48,"column":3}},"loc":{"start":{"line":48,"column":48},"end":{"line":55,"column":3}},"line":48},"7":{"name":"(anonymous_7)","decl":{"start":{"line":57,"column":2},"end":{"line":57,"column":3}},"loc":{"start":{"line":57,"column":26},"end":{"line":60,"column":3}},"line":57},"8":{"name":"(anonymous_8)","decl":{"start":{"line":61,"column":2},"end":{"line":61,"column":3}},"loc":{"start":{"line":61,"column":8},"end":{"line":68,"column":3}},"line":61},"9":{"name":"(anonymous_9)","decl":{"start":{"line":69,"column":2},"end":{"line":69,"column":3}},"loc":{"start":{"line":69,"column":12},"end":{"line":71,"column":3}},"line":69},"10":{"name":"(anonymous_10)","decl":{"start":{"line":72,"column":2},"end":{"line":72,"column":3}},"loc":{"start":{"line":72,"column":16},"end":{"line":74,"column":3}},"line":72},"11":{"name":"(anonymous_11)","decl":{"start":{"line":75,"column":2},"end":{"line":75,"column":3}},"loc":{"start":{"line":75,"column":15},"end":{"line":77,"column":3}},"line":75}},"branchMap":{"0":{"loc":{"start":{"line":22,"column":4},"end":{"line":24,"column":5}},"type":"if","locations":[{"start":{"line":22,"column":4},"end":{"line":24,"column":5}},{"start":{},"end":{}}],"line":22},"1":{"loc":{"start":{"line":50,"column":4},"end":{"line":54,"column":5}},"type":"if","locations":[{"start":{"line":50,"column":4},"end":{"line":54,"column":5}},{"start":{},"end":{}}],"line":50},"2":{"loc":{"start":{"line":64,"column":4},"end":{"line":66,"column":5}},"type":"if","locations":[{"start":{"line":64,"column":4},"end":{"line":66,"column":5}},{"start":{},"end":{}}],"line":64}},"s":{"0":108,"1":108,"2":3,"3":222,"4":131,"5":104,"6":3,"7":18,"8":108,"9":108,"10":108,"11":3,"12":11,"13":233,"14":233,"15":131,"16":131,"17":131,"18":122,"19":131,"20":104,"21":3,"22":18},"f":{"0":108,"1":222,"2":131,"3":104,"4":3,"5":18,"6":108,"7":233,"8":131,"9":104,"10":3,"11":18},"b":{"0":[3,105],"1":[3,105],"2":[122,9]},"_coverageSchema":"1a1c01bbd47fc00a2c39e90264f33305004495a9","hash":"5873409b98fd9d0646cbf8ffc14c8b43f2f55715"}
}
