TN:
SF:src/error.ts
FN:4,(anonymous_0)
FN:14,(anonymous_1)
FN:22,(anonymous_2)
FN:33,(anonymous_3)
FNF:4
FNH:4
FNDA:5,(anonymous_0)
FNDA:6,(anonymous_1)
FNDA:4,(anonymous_2)
FNDA:100,(anonymous_3)
DA:5,5
DA:8,5
DA:9,5
DA:15,6
DA:16,6
DA:17,6
DA:23,4
DA:24,4
DA:25,4
DA:34,100
DA:35,100
DA:36,100
LF:12
LH:12
BRF:0
BRH:0
end_of_record
TN:
SF:src/util.ts
FN:12,(anonymous_0)
FN:18,IsValidFiniteNumber
FN:22,isSorted
FN:32,(anonymous_3)
FN:43,(anonymous_4)
FNF:5
FNH:5
FNDA:1286,(anonymous_0)
FNDA:66005,IsValidFiniteNumber
FNDA:39,isSorted
FNDA:92437,(anonymous_3)
FNDA:218,(anonymous_4)
DA:12,10
DA:13,1286
DA:14,3778
DA:19,66005
DA:24,39
DA:25,14024
DA:26,15
DA:29,24
DA:32,10
DA:38,92437
DA:39,92437
DA:40,92437
DA:43,10
DA:47,218
LF:14
LH:14
BRDA:25,0,0,15
BRDA:25,0,1,14009
BRF:2
BRH:2
end_of_record
TN:
SF:src/algorithms/search-linear-collection.ts
FN:12,linearSearch
FN:29,binarySearch
FN:36,(anonymous_2)
FN:39,(anonymous_3)
FNF:4
FNH:4
FNDA:9,linearSearch
FNDA:9,binarySearch
FNDA:22,(anonymous_2)
FNDA:37,(anonymous_3)
DA:16,9
DA:17,9
DA:18,3296
DA:19,8
DA:21,3288
DA:23,1
DA:36,9
DA:37,22
DA:39,9
DA:40,37
DA:43,9
DA:44,9
DA:46,9
DA:47,37
DA:48,37
DA:49,15
DA:50,22
DA:51,14
DA:53,8
DA:56,1
LF:20
LH:20
BRDA:18,0,0,8
BRDA:18,0,1,3288
BRDA:48,1,0,15
BRDA:48,1,1,22
BRDA:50,2,0,14
BRDA:50,2,1,8
BRF:6
BRH:6
end_of_record
TN:
SF:src/algorithms/search-string.ts
FN:23,(anonymous_0)
FN:35,(anonymous_1)
FN:45,(anonymous_2)
FN:59,(anonymous_3)
FN:78,(anonymous_4)
FN:89,(anonymous_5)
FNF:6
FNH:6
FNDA:480,(anonymous_0)
FNDA:22,(anonymous_1)
FNDA:162,(anonymous_2)
FNDA:13,(anonymous_3)
FNDA:20,(anonymous_4)
FNDA:14,(anonymous_5)
DA:19,1
DA:21,1
DA:23,1
DA:24,480
DA:26,480
DA:27,0
DA:32,480
DA:35,1
DA:36,22
DA:37,22
DA:38,72
DA:42,22
DA:45,1
DA:51,162
DA:52,162
DA:54,162
DA:55,162
DA:56,162
DA:59,1
DA:70,13
DA:78,13
DA:79,20
DA:83,20
DA:86,13
DA:89,1
DA:100,14
DA:101,14
DA:106,14
DA:110,14
DA:111,14
DA:113,1
DA:115,14
DA:119,14
DA:120,14
DA:121,198
DA:127,198
DA:128,198
DA:129,23
DA:133,14
LF:39
LH:38
BRDA:26,0,0,0
BRDA:26,0,1,480
BRDA:62,1,0,11
BRDA:63,2,0,11
BRDA:92,3,0,0
BRDA:93,4,0,0
BRDA:111,5,0,1
BRDA:111,5,1,13
BRDA:128,6,0,23
BRDA:128,6,1,175
BRF:10
BRH:7
end_of_record
TN:
SF:src/algorithms/sort-linear-collection.ts
FN:19,selectionSort
FN:58,bubbleSort
FN:78,mergeSort
FN:87,merge
FN:116,mergeSortInner
FNF:5
FNH:5
FNDA:216,selectionSort
FNDA:216,bubbleSort
FNDA:218,mergeSort
FNDA:4412,merge
FNDA:9042,mergeSortInner
DA:25,216
DA:26,4226
DA:27,4226
DA:29,4226
DA:30,1988376
DA:31,1988376
DA:32,4226
DA:33,4226
DA:34,4226
DA:37,1984150
DA:38,21876
DA:39,21876
DA:40,21876
DA:44,4226
DA:46,259
DA:48,3967
DA:63,216
DA:64,4019
DA:65,1991106
DA:66,992103
DA:83,218
DA:90,4412
DA:91,42952
DA:93,4412
DA:94,4412
DA:95,4412
DA:98,4412
DA:99,37358
DA:100,18881
DA:101,18881
DA:103,18477
DA:104,18477
DA:106,37358
DA:110,4412
DA:111,4412
DA:112,2920
DA:117,9042
DA:119,4630
DA:122,4412
DA:124,4412
DA:125,4412
DA:127,4412
DA:131,218
LF:43
LH:43
BRDA:31,0,0,4226
BRDA:31,0,1,1984150
BRDA:37,1,0,21876
BRDA:37,1,1,1962274
BRDA:44,2,0,259
BRDA:44,2,1,3967
BRDA:65,3,0,992103
BRDA:65,3,1,999003
BRDA:98,4,0,41770
BRDA:98,4,1,39622
BRDA:99,5,0,18881
BRDA:99,5,1,18477
BRDA:117,6,0,4630
BRDA:117,6,1,4412
BRF:14
BRH:14
end_of_record
TN:
SF:src/algorithms/sort-radix.ts
FN:9,(anonymous_0)
FN:22,(anonymous_1)
FN:36,(anonymous_2)
FN:52,(anonymous_3)
FNF:4
FNH:4
FNDA:3121,(anonymous_0)
FNDA:9227,(anonymous_1)
FNDA:107,(anonymous_2)
FNDA:2100,(anonymous_3)
DA:9,1
DA:12,3121
DA:13,2
DA:15,3119
DA:16,3119
DA:17,10642
DA:19,3119
DA:22,1
DA:23,9227
DA:24,2
DA:26,9225
DA:27,1
DA:29,9224
DA:30,242
DA:32,8982
DA:33,8982
DA:36,1
DA:41,107
DA:42,107
DA:44,2116
DA:45,126
DA:48,107
DA:51,107
DA:52,210
DA:53,2100
DA:56,210
DA:57,9207
DA:58,9207
DA:62,210
DA:63,210
DA:64,9207
LF:31
LH:31
BRDA:12,0,0,2
BRDA:12,0,1,3119
BRDA:12,1,0,3121
BRDA:12,1,1,3120
BRDA:23,2,0,2
BRDA:23,2,1,9225
BRDA:23,3,0,9227
BRDA:23,3,1,9226
BRDA:26,4,0,1
BRDA:26,4,1,9224
BRDA:26,5,0,9225
BRDA:26,5,1,9225
BRDA:29,6,0,242
BRDA:29,6,1,8982
BRDA:44,7,0,126
BRDA:44,7,1,1990
BRF:16
BRH:16
end_of_record
TN:
SF:src/data-structures/binary-search-tree.ts
FN:5,(anonymous_0)
FN:18,(anonymous_1)
FN:22,(anonymous_2)
FN:32,(anonymous_3)
FN:47,(anonymous_4)
FN:52,(anonymous_5)
FN:67,(anonymous_6)
FN:71,(anonymous_7)
FN:75,(anonymous_8)
FN:79,(anonymous_9)
FN:89,(anonymous_10)
FN:102,(anonymous_11)
FN:115,(anonymous_12)
FNF:13
FNH:9
FNDA:12,(anonymous_0)
FNDA:10,(anonymous_1)
FNDA:2,(anonymous_2)
FNDA:12,(anonymous_3)
FNDA:2,(anonymous_4)
FNDA:13,(anonymous_5)
FNDA:0,(anonymous_6)
FNDA:0,(anonymous_7)
FNDA:0,(anonymous_8)
FNDA:0,(anonymous_9)
FNDA:70,(anonymous_10)
FNDA:16,(anonymous_11)
FNDA:16,(anonymous_12)
DA:5,1
DA:6,12
DA:10,0
DA:12,12
DA:19,10
DA:30,2
DA:31,2
DA:32,2
DA:33,12
DA:34,0
DA:35,0
DA:37,12
DA:40,2
DA:41,0
DA:44,2
DA:50,2
DA:51,2
DA:52,2
DA:53,13
DA:54,2
DA:55,2
DA:57,11
DA:60,2
DA:61,1
DA:64,1
DA:68,0
DA:72,0
DA:76,0
DA:80,0
DA:93,70
DA:94,38
DA:97,32
DA:98,32
DA:99,32
DA:106,16
DA:107,9
DA:110,7
DA:111,7
DA:112,7
DA:119,16
DA:120,9
DA:123,7
DA:124,7
DA:125,7
LF:44
LH:36
BRDA:6,0,0,0
BRDA:6,0,1,12
BRDA:7,1,0,12
BRDA:7,1,1,12
BRDA:7,1,2,12
BRDA:33,2,0,0
BRDA:33,2,1,12
BRDA:40,3,0,0
BRDA:40,3,1,2
BRDA:53,4,0,2
BRDA:53,4,1,11
BRDA:60,5,0,1
BRDA:60,5,1,1
BRDA:93,6,0,38
BRDA:93,6,1,32
BRDA:106,7,0,9
BRDA:106,7,1,7
BRDA:119,8,0,9
BRDA:119,8,1,7
BRF:19
BRH:16
end_of_record
TN:
SF:src/data-structures/binary-tree.ts
FN:6,(anonymous_0)
FNF:1
FNH:1
FNDA:46,(anonymous_0)
DA:7,46
LF:1
LH:1
BRF:0
BRH:0
end_of_record
TN:
SF:src/data-structures/doubly-linked-list.ts
FN:9,(anonymous_0)
FN:18,(anonymous_1)
FN:26,(anonymous_2)
FN:30,(anonymous_3)
FN:39,(anonymous_4)
FN:48,(anonymous_5)
FN:54,(anonymous_6)
FN:67,(anonymous_7)
FN:71,(anonymous_8)
FN:81,(anonymous_9)
FN:84,(anonymous_10)
FNF:11
FNH:11
FNDA:6068,(anonymous_0)
FNDA:1,(anonymous_1)
FNDA:24,(anonymous_2)
FNDA:19,(anonymous_3)
FNDA:5020,(anonymous_4)
FNDA:3,(anonymous_5)
FNDA:1017,(anonymous_6)
FNDA:60,(anonymous_7)
FNDA:19,(anonymous_8)
FNDA:2,(anonymous_9)
FNDA:1002,(anonymous_10)
DA:10,6068
DA:19,1
DA:27,24
DA:31,19
DA:32,2
DA:33,2
DA:34,2
DA:36,19
DA:40,5020
DA:41,5020
DA:42,1012
DA:44,5020
DA:45,5020
DA:49,3
DA:50,3
DA:51,3
DA:55,1017
DA:56,1
DA:58,1016
DA:59,1016
DA:60,1016
DA:62,1016
DA:63,1014
DA:68,60
DA:72,19
DA:73,19
DA:74,19
DA:75,1071
DA:76,1071
DA:78,19
DA:82,2
DA:83,2
DA:85,1002
DA:86,2
DA:88,1000
DA:89,1000
DA:90,1000
LF:37
LH:37
BRDA:31,0,0,2
BRDA:31,0,1,17
BRDA:41,1,0,1012
BRDA:41,1,1,4008
BRDA:55,2,0,1
BRDA:55,2,1,1016
BRDA:62,3,0,1014
BRDA:62,3,1,2
BRDA:85,4,0,2
BRDA:85,4,1,1000
BRF:10
BRH:10
end_of_record
TN:
SF:src/data-structures/hash-table.ts
FN:10,(anonymous_0)
FN:31,(anonymous_1)
FN:46,(anonymous_2)
FN:60,(anonymous_3)
FN:80,(anonymous_4)
FN:111,(anonymous_5)
FNF:6
FNH:6
FNDA:372,(anonymous_0)
FNDA:24,(anonymous_1)
FNDA:176,(anonymous_2)
FNDA:151,(anonymous_3)
FNDA:27,(anonymous_4)
FNDA:2,(anonymous_5)
DA:10,1
DA:11,372
DA:12,372
DA:13,372
DA:14,2294
DA:17,2294
DA:19,2294
DA:21,372
DA:35,24
DA:37,24
DA:38,24
DA:39,23
DA:41,1
DA:42,4
DA:47,176
DA:48,176
DA:49,176
DA:50,1
DA:52,175
DA:53,2674
DA:54,174
DA:57,1
DA:61,151
DA:62,151
DA:63,48
DA:65,151
DA:68,151
DA:69,1339
DA:70,3
DA:71,1
DA:73,2
DA:74,2
DA:77,148
DA:81,27
DA:82,27
DA:83,5
DA:84,3
DA:86,2
DA:88,22
DA:92,22
DA:93,4
DA:94,4
DA:96,18
DA:97,140
DA:98,140
DA:99,16
DA:100,16
DA:102,124
DA:104,2
DA:105,1
DA:112,2
LF:51
LH:51
BRDA:38,0,0,23
BRDA:38,0,1,1
BRDA:49,1,0,1
BRDA:49,1,1,175
BRDA:53,2,0,174
BRDA:53,2,1,2500
BRDA:60,3,0,149
BRDA:62,4,0,48
BRDA:62,4,1,103
BRDA:69,5,0,3
BRDA:69,5,1,1336
BRDA:70,6,0,1
BRDA:70,6,1,2
BRDA:80,7,0,1
BRDA:82,8,0,5
BRDA:82,8,1,22
BRDA:83,9,0,3
BRDA:83,9,1,2
BRDA:92,10,0,4
BRDA:92,10,1,18
BRDA:98,11,0,16
BRDA:98,11,1,124
BRDA:104,12,0,1
BRDA:104,12,1,1
BRF:24
BRH:24
end_of_record
TN:
SF:src/data-structures/queue.ts
FN:21,(anonymous_0)
FN:27,(anonymous_1)
FN:30,(anonymous_2)
FN:33,(anonymous_3)
FN:36,(anonymous_4)
FN:39,(anonymous_5)
FN:49,(anonymous_6)
FN:58,(anonymous_7)
FN:70,(anonymous_8)
FN:78,(anonymous_9)
FN:81,(anonymous_10)
FN:84,(anonymous_11)
FNF:12
FNH:12
FNDA:108,(anonymous_0)
FNDA:222,(anonymous_1)
FNDA:131,(anonymous_2)
FNDA:104,(anonymous_3)
FNDA:3,(anonymous_4)
FNDA:18,(anonymous_5)
FNDA:108,(anonymous_6)
FNDA:233,(anonymous_7)
FNDA:131,(anonymous_8)
FNDA:235,(anonymous_9)
FNDA:236,(anonymous_10)
FNDA:18,(anonymous_11)
DA:19,108
DA:22,108
DA:23,3
DA:28,222
DA:31,131
DA:34,104
DA:37,3
DA:40,18
DA:47,108
DA:50,108
DA:51,108
DA:52,3
DA:53,11
DA:59,233
DA:60,233
DA:61,233
DA:62,233
DA:63,233
DA:64,106
DA:65,106
DA:67,127
DA:71,131
DA:72,131
DA:73,131
DA:74,122
DA:76,131
DA:79,235
DA:82,236
DA:87,18
LF:29
LH:29
BRDA:22,0,0,3
BRDA:22,0,1,105
BRDA:51,1,0,3
BRDA:51,1,1,105
BRDA:63,2,0,106
BRDA:63,2,1,127
BRDA:73,3,0,122
BRDA:73,3,1,9
BRF:8
BRH:8
end_of_record
TN:
SF:src/data-structures/singly-linked-list.ts
FN:8,(anonymous_0)
FN:16,(anonymous_1)
FN:20,(anonymous_2)
FN:25,(anonymous_3)
FN:30,(anonymous_4)
FN:40,(anonymous_5)
FN:46,(anonymous_6)
FN:50,(anonymous_7)
FN:60,(anonymous_8)
FN:63,(anonymous_9)
FN:75,(anonymous_10)
FNF:11
FNH:11
FNDA:2696,(anonymous_0)
FNDA:298,(anonymous_1)
FNDA:515,(anonymous_2)
FNDA:129,(anonymous_3)
FNDA:272,(anonymous_4)
FNDA:22,(anonymous_5)
FNDA:1163,(anonymous_6)
FNDA:26,(anonymous_7)
FNDA:4,(anonymous_8)
FNDA:2004,(anonymous_9)
FNDA:8,(anonymous_10)
DA:9,2696
DA:17,298
DA:21,515
DA:22,515
DA:26,129
DA:27,129
DA:31,272
DA:32,272
DA:33,31
DA:34,31
DA:35,31
DA:37,241
DA:41,22
DA:42,22
DA:43,22
DA:47,1163
DA:51,26
DA:52,26
DA:53,26
DA:54,2026
DA:55,2026
DA:57,26
DA:61,4
DA:62,4
DA:64,2004
DA:65,4
DA:67,2000
DA:68,2000
DA:69,2000
DA:76,8
DA:77,8
DA:78,8
DA:80,8
LF:33
LH:33
BRDA:32,0,0,31
BRDA:32,0,1,241
BRDA:64,1,0,4
BRDA:64,1,1,2000
BRF:4
BRH:4
end_of_record
TN:
SF:src/data-structures/skip-list.ts
FN:26,(anonymous_0)
FN:36,(anonymous_1)
FN:57,(anonymous_2)
FN:73,(anonymous_3)
FN:99,(anonymous_4)
FN:143,(anonymous_5)
FN:290,(anonymous_6)
FN:380,(anonymous_7)
FN:397,(anonymous_8)
FNF:9
FNH:9
FNDA:30494,(anonymous_0)
FNDA:834,(anonymous_1)
FNDA:417,(anonymous_2)
FNDA:107,(anonymous_3)
FNDA:5143,(anonymous_4)
FNDA:14989,(anonymous_5)
FNDA:110,(anonymous_6)
FNDA:2020,(anonymous_7)
FNDA:519,(anonymous_8)
DA:27,30494
DA:45,834
DA:46,834
DA:47,834
DA:48,834
DA:49,3
DA:52,831
DA:53,4372
DA:58,417
DA:59,6
DA:61,411
DA:62,411
DA:63,411
DA:64,880
DA:66,411
DA:67,1223
DA:68,1223
DA:70,411
DA:74,107
DA:75,1
DA:77,106
DA:78,106
DA:79,106
DA:80,506
DA:81,88
DA:83,418
DA:84,208
DA:86,190
DA:87,190
DA:88,190
DA:92,18
DA:94,210
DA:95,210
DA:107,5143
DA:108,2
DA:110,5141
DA:111,709
DA:113,4432
DA:114,4432
DA:115,4432
DA:116,4432
DA:117,29117
DA:118,29117
DA:119,4330
DA:122,24787
DA:123,14114
DA:125,14012
DA:126,14012
DA:127,14012
DA:131,102
DA:132,2
DA:135,100
DA:137,10673
DA:138,10673
DA:139,10673
DA:144,14989
DA:145,823
DA:146,823
DA:149,14166
DA:151,1
DA:154,14165
DA:155,202
DA:156,202
DA:160,13963
DA:161,13963
DA:162,13963
DA:163,13963
DA:164,13963
DA:165,13963
DA:166,145822
DA:168,1
DA:170,145821
DA:171,79547
DA:172,79547
DA:174,79547
DA:176,65585
DA:177,65585
DA:178,65585
DA:181,13962
DA:182,13962
DA:187,13962
DA:189,66274
DA:190,66274
DA:191,66274
DA:199,13962
DA:200,13962
DA:201,13962
DA:202,13962
DA:203,13962
DA:204,13962
DA:210,202
DA:211,202
DA:212,202
DA:216,609
DA:218,202
DA:226,13962
DA:227,13962
DA:229,13962
DA:230,13962
DA:233,22505
DA:238,11308
DA:239,54384
DA:240,54384
DA:241,364
DA:243,54384
DA:245,11308
DA:249,11197
DA:250,11197
DA:251,11197
DA:252,11197
DA:254,11197
DA:255,11197
DA:260,11197
DA:261,11197
DA:262,11197
DA:263,11197
DA:264,11197
DA:266,11197
DA:269,2654
DA:270,0
DA:274,2654
DA:277,2256
DA:278,2256
DA:279,2256
DA:281,2256
DA:282,2256
DA:283,2256
DA:284,2256
DA:285,2256
DA:286,2256
DA:291,110
DA:292,1
DA:294,109
DA:297,28
DA:298,28
DA:301,1
DA:302,1
DA:303,1
DA:307,27
DA:308,27
DA:311,81
DA:312,1
DA:315,80
DA:316,80
DA:317,80
DA:318,403
DA:321,131
DA:322,45
DA:325,131
DA:326,131
DA:327,131
DA:329,272
DA:331,157
DA:332,157
DA:334,77
DA:335,77
DA:336,77
DA:338,80
DA:340,115
DA:341,115
DA:346,27
DA:347,27
DA:351,77
DA:352,77
DA:353,77
DA:358,77
DA:361,54
DA:364,54
DA:370,211
DA:372,211
DA:373,79
DA:375,132
DA:377,211
DA:381,2020
DA:382,2020
DA:383,1
DA:385,2019
DA:386,2019
DA:387,5776
DA:389,2019
DA:390,50154
DA:391,50154
DA:393,2019
DA:398,519
DA:399,3
DA:401,516
DA:402,516
DA:403,516
DA:407,2109
DA:408,1593
DA:410,2109
DA:411,2109
DA:412,2109
DA:413,23991
DA:415,2109
DA:417,516
LF:196
LH:195
BRDA:43,0,0,833
BRDA:48,1,0,3
BRDA:48,1,1,831
BRDA:58,2,0,6
BRDA:58,2,1,411
BRDA:74,3,0,1
BRDA:74,3,1,106
BRDA:80,4,0,88
BRDA:80,4,1,418
BRDA:83,5,0,208
BRDA:83,5,1,210
BRDA:83,6,0,418
BRDA:83,6,1,304
BRDA:84,7,0,190
BRDA:84,7,1,18
BRDA:107,8,0,2
BRDA:107,8,1,5141
BRDA:107,9,0,5143
BRDA:107,9,1,5142
BRDA:110,10,0,709
BRDA:110,10,1,4432
BRDA:117,11,0,29117
BRDA:117,11,1,4334
BRDA:118,12,0,4330
BRDA:118,12,1,24787
BRDA:122,13,0,14114
BRDA:122,13,1,10673
BRDA:122,14,0,24787
BRDA:122,14,1,20432
BRDA:123,15,0,14012
BRDA:123,15,1,102
BRDA:131,16,0,2
BRDA:131,16,1,100
BRDA:144,17,0,823
BRDA:144,17,1,14166
BRDA:149,18,0,1
BRDA:149,18,1,14165
BRDA:154,19,0,202
BRDA:154,19,1,13963
BRDA:166,20,0,1
BRDA:166,20,1,145821
BRDA:170,21,0,79547
BRDA:170,21,1,66274
BRDA:170,22,0,145821
BRDA:170,22,1,67092
BRDA:174,23,0,65585
BRDA:174,23,1,13962
BRDA:202,24,0,13659
BRDA:202,24,1,303
BRDA:233,25,0,11308
BRDA:233,25,1,11197
BRDA:234,26,0,22505
BRDA:234,26,1,11197
BRDA:240,27,0,364
BRDA:240,27,1,54020
BRDA:255,28,0,11046
BRDA:255,28,1,151
BRDA:269,29,0,0
BRDA:269,29,1,2654
BRDA:274,30,0,4910
BRDA:274,30,1,2260
BRDA:291,31,0,1
BRDA:291,31,1,109
BRDA:294,32,0,28
BRDA:294,32,1,81
BRDA:311,33,0,1
BRDA:311,33,1,80
BRDA:318,34,0,131
BRDA:318,34,1,272
BRDA:318,35,0,403
BRDA:318,35,1,317
BRDA:321,36,0,45
BRDA:321,36,1,86
BRDA:329,37,0,157
BRDA:329,37,1,115
BRDA:332,38,0,77
BRDA:332,38,1,80
BRDA:353,39,0,0
BRDA:353,39,1,77
BRDA:358,40,0,54
BRDA:358,40,1,23
BRDA:372,41,0,79
BRDA:372,41,1,132
BRDA:382,42,0,1
BRDA:382,42,1,2019
BRDA:398,43,0,3
BRDA:398,43,1,516
BRDA:407,44,0,1593
BRDA:407,44,1,516
BRDA:413,45,0,23991
BRDA:413,45,1,2109
BRF:91
BRH:89
end_of_record
TN:
SF:src/data-structures/stack.ts
FN:21,(anonymous_0)
FN:27,(anonymous_1)
FN:31,(anonymous_2)
FN:35,(anonymous_3)
FN:39,(anonymous_4)
FN:43,(anonymous_5)
FN:52,(anonymous_6)
FN:61,(anonymous_7)
FN:66,(anonymous_8)
FN:74,(anonymous_9)
FN:77,(anonymous_10)
FN:80,(anonymous_11)
FNF:12
FNH:12
FNDA:108,(anonymous_0)
FNDA:222,(anonymous_1)
FNDA:131,(anonymous_2)
FNDA:104,(anonymous_3)
FNDA:3,(anonymous_4)
FNDA:18,(anonymous_5)
FNDA:108,(anonymous_6)
FNDA:233,(anonymous_7)
FNDA:131,(anonymous_8)
FNDA:104,(anonymous_9)
FNDA:3,(anonymous_10)
FNDA:18,(anonymous_11)
DA:19,108
DA:22,108
DA:23,3
DA:28,222
DA:32,131
DA:36,104
DA:40,3
DA:44,18
DA:50,108
DA:53,108
DA:54,108
DA:55,3
DA:56,11
DA:62,233
DA:63,233
DA:67,131
DA:68,131
DA:69,131
DA:70,122
DA:72,131
DA:75,104
DA:78,3
DA:81,18
LF:23
LH:23
BRDA:22,0,0,3
BRDA:22,0,1,105
BRDA:54,1,0,3
BRDA:54,1,1,105
BRDA:69,2,0,122
BRDA:69,2,1,9
BRF:6
BRH:6
end_of_record
