TN:
SF:src/error.ts
FN:4,(anonymous_0)
FN:14,(anonymous_1)
FN:22,(anonymous_2)
FN:33,(anonymous_3)
FNF:4
FNH:4
FNDA:5,(anonymous_0)
FNDA:6,(anonymous_1)
FNDA:4,(anonymous_2)
FNDA:100,(anonymous_3)
DA:5,5
DA:8,5
DA:9,5
DA:15,6
DA:16,6
DA:17,6
DA:23,4
DA:24,4
DA:25,4
DA:34,100
DA:35,100
DA:36,100
LF:12
LH:12
BRF:0
BRH:0
end_of_record
TN:
SF:src/util.ts
FN:12,(anonymous_0)
FN:18,IsValidFiniteNumber
FN:22,(anonymous_2)
FN:32,isSorted
FN:42,(anonymous_4)
FN:53,(anonymous_5)
FNF:6
FNH:6
FNDA:1266,(anonymous_0)
FNDA:67603,IsValidFiniteNumber
FNDA:64,(anonymous_2)
FNDA:45,isSorted
FNDA:92415,(anonymous_4)
FNDA:218,(anonymous_5)
DA:12,10
DA:13,1266
DA:14,3721
DA:19,67603
DA:22,10
DA:23,64
DA:27,4
DA:29,60
DA:34,45
DA:35,14048
DA:36,15
DA:39,30
DA:42,10
DA:48,92415
DA:49,92415
DA:50,92415
DA:53,10
DA:57,218
LF:18
LH:18
BRDA:23,0,0,4
BRDA:23,0,1,60
BRDA:24,1,0,64
BRDA:24,1,1,63
BRDA:24,1,2,55
BRDA:35,2,0,15
BRDA:35,2,1,14033
BRF:7
BRH:7
end_of_record
TN:
SF:src/algorithms/search-linear-collection.ts
FN:12,linearSearch
FN:29,binarySearch
FN:36,(anonymous_2)
FN:39,(anonymous_3)
FNF:4
FNH:4
FNDA:9,linearSearch
FNDA:9,binarySearch
FNDA:23,(anonymous_2)
FNDA:41,(anonymous_3)
DA:16,9
DA:17,9
DA:18,6737
DA:19,8
DA:21,6729
DA:23,1
DA:36,9
DA:37,23
DA:39,9
DA:40,41
DA:43,9
DA:44,9
DA:46,9
DA:47,41
DA:48,41
DA:49,18
DA:50,23
DA:51,15
DA:53,8
DA:56,1
LF:20
LH:20
BRDA:18,0,0,8
BRDA:18,0,1,6729
BRDA:48,1,0,18
BRDA:48,1,1,23
BRDA:50,2,0,15
BRDA:50,2,1,8
BRF:6
BRH:6
end_of_record
TN:
SF:src/algorithms/search-string.ts
FN:23,(anonymous_0)
FN:35,(anonymous_1)
FN:45,(anonymous_2)
FN:59,(anonymous_3)
FN:78,(anonymous_4)
FN:89,(anonymous_5)
FNF:6
FNH:6
FNDA:480,(anonymous_0)
FNDA:22,(anonymous_1)
FNDA:162,(anonymous_2)
FNDA:13,(anonymous_3)
FNDA:20,(anonymous_4)
FNDA:14,(anonymous_5)
DA:19,1
DA:21,1
DA:23,1
DA:24,480
DA:26,480
DA:27,0
DA:32,480
DA:35,1
DA:36,22
DA:37,22
DA:38,72
DA:42,22
DA:45,1
DA:51,162
DA:52,162
DA:54,162
DA:55,162
DA:56,162
DA:59,1
DA:70,13
DA:78,13
DA:79,20
DA:83,20
DA:86,13
DA:89,1
DA:100,14
DA:101,14
DA:105,14
DA:109,14
DA:110,14
DA:112,1
DA:114,14
DA:118,14
DA:119,14
DA:120,198
DA:126,198
DA:127,198
DA:128,23
DA:132,14
LF:39
LH:38
BRDA:26,0,0,0
BRDA:26,0,1,480
BRDA:62,1,0,11
BRDA:63,2,0,11
BRDA:92,3,0,0
BRDA:93,4,0,0
BRDA:110,5,0,1
BRDA:110,5,1,13
BRDA:127,6,0,23
BRDA:127,6,1,175
BRF:10
BRH:7
end_of_record
TN:
SF:src/algorithms/sort-linear-collection.ts
FN:19,selectionSort
FN:58,bubbleSort
FN:78,mergeSort
FN:87,merge
FN:116,mergeSortInner
FNF:5
FNH:5
FNDA:216,selectionSort
FNDA:216,bubbleSort
FNDA:218,mergeSort
FNDA:4413,merge
FNDA:9044,mergeSortInner
DA:25,216
DA:26,4233
DA:27,4233
DA:29,4233
DA:30,1995339
DA:31,1995339
DA:32,4233
DA:33,4233
DA:34,4233
DA:37,1991106
DA:38,21893
DA:39,21893
DA:40,21893
DA:44,4233
DA:46,262
DA:48,3971
DA:63,216
DA:64,4018
DA:65,1990119
DA:66,993072
DA:83,218
DA:90,4413
DA:91,42963
DA:93,4413
DA:94,4413
DA:95,4413
DA:98,4413
DA:99,37309
DA:100,18863
DA:101,18863
DA:103,18446
DA:104,18446
DA:106,37309
DA:110,4413
DA:111,4413
DA:112,2941
DA:117,9044
DA:119,4631
DA:122,4413
DA:124,4413
DA:125,4413
DA:127,4413
DA:131,218
LF:43
LH:43
BRDA:31,0,0,4233
BRDA:31,0,1,1991106
BRDA:37,1,0,21893
BRDA:37,1,1,1969213
BRDA:44,2,0,262
BRDA:44,2,1,3971
BRDA:65,3,0,993072
BRDA:65,3,1,997047
BRDA:98,4,0,41722
BRDA:98,4,1,39550
BRDA:99,5,0,18863
BRDA:99,5,1,18446
BRDA:117,6,0,4631
BRDA:117,6,1,4413
BRF:14
BRH:14
end_of_record
TN:
SF:src/algorithms/sort-radix.ts
FN:9,(anonymous_0)
FN:22,(anonymous_1)
FN:36,(anonymous_2)
FN:52,(anonymous_3)
FNF:4
FNH:4
FNDA:3121,(anonymous_0)
FNDA:9222,(anonymous_1)
FNDA:107,(anonymous_2)
FNDA:2100,(anonymous_3)
DA:9,1
DA:12,3121
DA:13,2
DA:15,3119
DA:16,3119
DA:17,10582
DA:19,3119
DA:22,1
DA:23,9222
DA:24,2
DA:26,9220
DA:27,1
DA:29,9219
DA:30,248
DA:32,8971
DA:33,8971
DA:36,1
DA:41,107
DA:42,107
DA:44,2115
DA:45,125
DA:48,107
DA:51,107
DA:52,210
DA:53,2100
DA:56,210
DA:57,9202
DA:58,9202
DA:62,210
DA:63,210
DA:64,9202
LF:31
LH:31
BRDA:12,0,0,2
BRDA:12,0,1,3119
BRDA:12,1,0,3121
BRDA:12,1,1,3120
BRDA:23,2,0,2
BRDA:23,2,1,9220
BRDA:23,3,0,9222
BRDA:23,3,1,9221
BRDA:26,4,0,1
BRDA:26,4,1,9219
BRDA:26,5,0,9220
BRDA:26,5,1,9220
BRDA:29,6,0,248
BRDA:29,6,1,8971
BRDA:44,7,0,125
BRDA:44,7,1,1990
BRF:16
BRH:16
end_of_record
TN:
SF:src/data-structures/binary-search-tree.ts
FN:7,(anonymous_0)
FN:11,(anonymous_1)
FN:22,(anonymous_2)
FN:37,(anonymous_3)
FN:42,(anonymous_4)
FN:57,(anonymous_5)
FN:89,(anonymous_6)
FN:108,(anonymous_7)
FN:111,(anonymous_8)
FN:121,(anonymous_9)
FN:123,(anonymous_10)
FN:136,(anonymous_11)
FN:149,(anonymous_12)
FN:162,(anonymous_13)
FN:175,(anonymous_14)
FN:191,(anonymous_15)
FNF:16
FNH:14
FNDA:42,(anonymous_0)
FNDA:9,(anonymous_1)
FNDA:43,(anonymous_2)
FNDA:7,(anonymous_3)
FNDA:36,(anonymous_4)
FNDA:7,(anonymous_5)
FNDA:7,(anonymous_6)
FNDA:6,(anonymous_7)
FNDA:36,(anonymous_8)
FNDA:0,(anonymous_9)
FNDA:0,(anonymous_10)
FNDA:190,(anonymous_11)
FNDA:16,(anonymous_12)
FNDA:16,(anonymous_13)
FNDA:78,(anonymous_14)
FNDA:159,(anonymous_15)
DA:8,42
DA:20,9
DA:21,9
DA:22,9
DA:23,43
DA:24,1
DA:25,1
DA:27,42
DA:30,9
DA:31,1
DA:34,8
DA:40,7
DA:41,7
DA:42,7
DA:43,36
DA:44,1
DA:45,1
DA:47,35
DA:50,7
DA:51,1
DA:54,6
DA:58,7
DA:70,63
DA:72,30
DA:75,33
DA:79,3
DA:82,30
DA:91,7
DA:96,61
DA:97,30
DA:99,31
DA:103,3
DA:105,28
DA:109,6
DA:110,6
DA:111,6
DA:113,36
DA:114,7
DA:117,6
DA:122,0
DA:123,0
DA:124,0
DA:126,0
DA:140,190
DA:141,104
DA:144,86
DA:145,86
DA:146,86
DA:153,16
DA:154,9
DA:157,7
DA:158,7
DA:159,7
DA:166,16
DA:167,9
DA:170,7
DA:171,7
DA:172,7
DA:180,78
DA:181,42
DA:185,36
DA:186,36
DA:187,36
DA:192,159
DA:193,86
DA:195,73
LF:66
LH:62
BRDA:23,0,0,1
BRDA:23,0,1,42
BRDA:30,1,0,1
BRDA:30,1,1,8
BRDA:43,2,0,1
BRDA:43,2,1,35
BRDA:50,3,0,1
BRDA:50,3,1,6
BRDA:70,4,0,30
BRDA:70,4,1,33
BRDA:75,5,0,3
BRDA:75,5,1,30
BRDA:84,6,0,30
BRDA:84,6,1,26
BRDA:96,7,0,30
BRDA:96,7,1,31
BRDA:99,8,0,3
BRDA:99,8,1,28
BRDA:100,9,0,31
BRDA:100,9,1,15
BRDA:100,9,2,29
BRDA:100,9,3,14
BRDA:105,10,0,28
BRDA:105,10,1,26
BRDA:113,11,0,7
BRDA:113,11,1,29
BRDA:140,12,0,104
BRDA:140,12,1,86
BRDA:153,13,0,9
BRDA:153,13,1,7
BRDA:166,14,0,9
BRDA:166,14,1,7
BRDA:178,15,0,6
BRDA:180,16,0,42
BRDA:180,16,1,36
BRDA:192,17,0,86
BRDA:192,17,1,73
BRF:37
BRH:37
end_of_record
TN:
SF:src/data-structures/binary-tree.ts
FN:6,(anonymous_0)
FNF:1
FNH:1
FNDA:210,(anonymous_0)
DA:7,210
LF:1
LH:1
BRF:0
BRH:0
end_of_record
TN:
SF:src/data-structures/doubly-linked-list.ts
FN:9,(anonymous_0)
FN:18,(anonymous_1)
FN:26,(anonymous_2)
FN:30,(anonymous_3)
FN:39,(anonymous_4)
FN:48,(anonymous_5)
FN:54,(anonymous_6)
FN:66,(anonymous_7)
FN:70,(anonymous_8)
FN:80,(anonymous_9)
FN:83,(anonymous_10)
FNF:11
FNH:11
FNDA:6037,(anonymous_0)
FNDA:1,(anonymous_1)
FNDA:24,(anonymous_2)
FNDA:19,(anonymous_3)
FNDA:4989,(anonymous_4)
FNDA:3,(anonymous_5)
FNDA:986,(anonymous_6)
FNDA:60,(anonymous_7)
FNDA:19,(anonymous_8)
FNDA:2,(anonymous_9)
FNDA:1002,(anonymous_10)
DA:10,6037
DA:19,1
DA:27,24
DA:31,19
DA:32,2
DA:33,2
DA:34,2
DA:36,19
DA:40,4989
DA:41,4989
DA:42,983
DA:44,4989
DA:45,4989
DA:49,3
DA:50,3
DA:51,3
DA:55,986
DA:56,1
DA:58,985
DA:59,985
DA:60,985
DA:61,985
DA:62,985
DA:67,60
DA:71,19
DA:72,19
DA:73,19
DA:74,1072
DA:75,1072
DA:77,19
DA:81,2
DA:82,2
DA:84,1002
DA:85,2
DA:87,1000
DA:88,1000
DA:89,1000
LF:37
LH:37
BRDA:31,0,0,2
BRDA:31,0,1,17
BRDA:41,1,0,983
BRDA:41,1,1,4006
BRDA:55,2,0,1
BRDA:55,2,1,985
BRDA:61,3,0,985
BRDA:61,3,1,0
BRDA:84,4,0,2
BRDA:84,4,1,1000
BRF:10
BRH:9
end_of_record
TN:
SF:src/data-structures/hash-table.ts
FN:10,(anonymous_0)
FN:31,(anonymous_1)
FN:46,(anonymous_2)
FN:60,(anonymous_3)
FN:80,(anonymous_4)
FN:110,(anonymous_5)
FNF:6
FNH:6
FNDA:372,(anonymous_0)
FNDA:24,(anonymous_1)
FNDA:183,(anonymous_2)
FNDA:151,(anonymous_3)
FNDA:20,(anonymous_4)
FNDA:2,(anonymous_5)
DA:10,1
DA:11,372
DA:12,372
DA:13,372
DA:14,2294
DA:17,2294
DA:19,2294
DA:21,372
DA:35,24
DA:37,24
DA:38,24
DA:39,23
DA:41,1
DA:42,4
DA:47,183
DA:48,183
DA:49,183
DA:50,1
DA:52,182
DA:53,2698
DA:54,181
DA:57,1
DA:61,151
DA:62,151
DA:63,48
DA:65,151
DA:68,151
DA:69,1339
DA:70,3
DA:71,1
DA:73,2
DA:74,2
DA:77,148
DA:81,20
DA:82,20
DA:83,5
DA:84,3
DA:86,2
DA:88,15
DA:91,15
DA:92,2
DA:93,2
DA:95,13
DA:96,133
DA:97,133
DA:98,11
DA:99,11
DA:101,122
DA:103,2
DA:104,1
DA:111,2
LF:51
LH:51
BRDA:38,0,0,23
BRDA:38,0,1,1
BRDA:49,1,0,1
BRDA:49,1,1,182
BRDA:53,2,0,181
BRDA:53,2,1,2517
BRDA:60,3,0,149
BRDA:62,4,0,48
BRDA:62,4,1,103
BRDA:69,5,0,3
BRDA:69,5,1,1336
BRDA:70,6,0,1
BRDA:70,6,1,2
BRDA:80,7,0,1
BRDA:82,8,0,5
BRDA:82,8,1,15
BRDA:83,9,0,3
BRDA:83,9,1,2
BRDA:91,10,0,2
BRDA:91,10,1,13
BRDA:97,11,0,11
BRDA:97,11,1,122
BRDA:103,12,0,1
BRDA:103,12,1,1
BRF:24
BRH:24
end_of_record
TN:
SF:src/data-structures/queue.ts
FN:21,(anonymous_0)
FN:27,(anonymous_1)
FN:30,(anonymous_2)
FN:33,(anonymous_3)
FN:36,(anonymous_4)
FN:39,(anonymous_5)
FN:49,(anonymous_6)
FN:58,(anonymous_7)
FN:70,(anonymous_8)
FN:78,(anonymous_9)
FN:81,(anonymous_10)
FN:84,(anonymous_11)
FNF:12
FNH:12
FNDA:108,(anonymous_0)
FNDA:222,(anonymous_1)
FNDA:131,(anonymous_2)
FNDA:104,(anonymous_3)
FNDA:3,(anonymous_4)
FNDA:18,(anonymous_5)
FNDA:108,(anonymous_6)
FNDA:233,(anonymous_7)
FNDA:131,(anonymous_8)
FNDA:235,(anonymous_9)
FNDA:236,(anonymous_10)
FNDA:18,(anonymous_11)
DA:19,108
DA:22,108
DA:23,3
DA:28,222
DA:31,131
DA:34,104
DA:37,3
DA:40,18
DA:47,108
DA:50,108
DA:51,108
DA:52,3
DA:53,11
DA:59,233
DA:60,233
DA:61,233
DA:62,233
DA:63,233
DA:64,106
DA:65,106
DA:67,127
DA:71,131
DA:72,131
DA:73,131
DA:74,122
DA:76,131
DA:79,235
DA:82,236
DA:87,18
LF:29
LH:29
BRDA:22,0,0,3
BRDA:22,0,1,105
BRDA:51,1,0,3
BRDA:51,1,1,105
BRDA:63,2,0,106
BRDA:63,2,1,127
BRDA:73,3,0,122
BRDA:73,3,1,9
BRF:8
BRH:8
end_of_record
TN:
SF:src/data-structures/singly-linked-list.ts
FN:8,(anonymous_0)
FN:16,(anonymous_1)
FN:20,(anonymous_2)
FN:25,(anonymous_3)
FN:30,(anonymous_4)
FN:40,(anonymous_5)
FN:46,(anonymous_6)
FN:50,(anonymous_7)
FN:60,(anonymous_8)
FN:63,(anonymous_9)
FN:75,(anonymous_10)
FNF:11
FNH:11
FNDA:2696,(anonymous_0)
FNDA:298,(anonymous_1)
FNDA:515,(anonymous_2)
FNDA:129,(anonymous_3)
FNDA:270,(anonymous_4)
FNDA:17,(anonymous_5)
FNDA:1158,(anonymous_6)
FNDA:26,(anonymous_7)
FNDA:4,(anonymous_8)
FNDA:2004,(anonymous_9)
FNDA:8,(anonymous_10)
DA:9,2696
DA:17,298
DA:21,515
DA:22,515
DA:26,129
DA:27,129
DA:31,270
DA:32,270
DA:33,31
DA:34,31
DA:35,31
DA:37,239
DA:41,17
DA:42,17
DA:43,17
DA:47,1158
DA:51,26
DA:52,26
DA:53,26
DA:54,2026
DA:55,2026
DA:57,26
DA:61,4
DA:62,4
DA:64,2004
DA:65,4
DA:67,2000
DA:68,2000
DA:69,2000
DA:76,8
DA:77,8
DA:78,8
DA:80,8
LF:33
LH:33
BRDA:32,0,0,31
BRDA:32,0,1,239
BRDA:64,1,0,4
BRDA:64,1,1,2000
BRF:4
BRH:4
end_of_record
TN:
SF:src/data-structures/skip-list.ts
FN:26,(anonymous_0)
FN:36,(anonymous_1)
FN:57,(anonymous_2)
FN:73,(anonymous_3)
FN:99,(anonymous_4)
FN:143,(anonymous_5)
FN:290,(anonymous_6)
FN:379,(anonymous_7)
FN:396,(anonymous_8)
FNF:9
FNH:9
FNDA:30655,(anonymous_0)
FNDA:834,(anonymous_1)
FNDA:417,(anonymous_2)
FNDA:112,(anonymous_3)
FNDA:5138,(anonymous_4)
FNDA:14989,(anonymous_5)
FNDA:110,(anonymous_6)
FNDA:2020,(anonymous_7)
FNDA:519,(anonymous_8)
DA:27,30655
DA:45,834
DA:46,834
DA:47,834
DA:48,834
DA:49,3
DA:52,831
DA:53,4372
DA:58,417
DA:59,6
DA:61,411
DA:62,411
DA:63,411
DA:64,806
DA:66,411
DA:67,1223
DA:68,1223
DA:70,411
DA:74,112
DA:75,1
DA:77,111
DA:78,111
DA:79,111
DA:80,493
DA:81,93
DA:83,400
DA:84,214
DA:86,196
DA:87,196
DA:88,196
DA:92,18
DA:94,186
DA:95,186
DA:107,5138
DA:108,2
DA:110,5136
DA:111,709
DA:113,4427
DA:114,4427
DA:115,4427
DA:116,4427
DA:117,30683
DA:118,30683
DA:119,4325
DA:122,26358
DA:123,15825
DA:125,15723
DA:126,15723
DA:127,15723
DA:131,102
DA:132,2
DA:135,100
DA:137,10533
DA:138,10533
DA:139,10533
DA:144,14989
DA:145,823
DA:146,823
DA:149,14166
DA:151,1
DA:154,14165
DA:155,202
DA:156,202
DA:160,13963
DA:161,13963
DA:162,13963
DA:163,13963
DA:164,13963
DA:165,13963
DA:166,148068
DA:168,1
DA:170,148067
DA:171,81133
DA:172,81133
DA:174,81133
DA:176,67171
DA:177,67171
DA:178,67171
DA:181,13962
DA:182,13962
DA:187,13962
DA:189,66934
DA:190,66934
DA:191,66934
DA:199,13962
DA:200,13962
DA:201,13962
DA:202,13962
DA:203,13962
DA:204,13962
DA:210,202
DA:211,202
DA:212,202
DA:216,638
DA:218,202
DA:226,13962
DA:227,13962
DA:229,13962
DA:230,13962
DA:233,22589
DA:238,11281
DA:239,55863
DA:240,55863
DA:241,366
DA:243,55863
DA:245,11281
DA:249,11308
DA:250,11308
DA:251,11308
DA:252,11308
DA:254,11308
DA:255,11308
DA:260,11308
DA:261,11308
DA:262,11308
DA:263,11308
DA:264,11308
DA:266,11308
DA:269,2681
DA:270,0
DA:274,2681
DA:277,2281
DA:278,2281
DA:279,2281
DA:281,2281
DA:282,2281
DA:283,2281
DA:284,2281
DA:285,2281
DA:286,2281
DA:291,110
DA:292,1
DA:294,109
DA:297,23
DA:298,23
DA:301,1
DA:302,1
DA:303,1
DA:307,22
DA:308,22
DA:311,86
DA:312,1
DA:315,85
DA:316,85
DA:317,85
DA:318,403
DA:321,126
DA:322,83
DA:325,126
DA:326,126
DA:327,126
DA:329,277
DA:331,178
DA:332,178
DA:334,93
DA:335,93
DA:336,93
DA:338,85
DA:340,99
DA:341,99
DA:346,22
DA:347,22
DA:351,74
DA:352,74
DA:353,74
DA:357,74
DA:360,49
DA:363,49
DA:369,227
DA:371,227
DA:372,92
DA:374,135
DA:376,227
DA:380,2020
DA:381,2020
DA:382,1
DA:384,2019
DA:385,2019
DA:386,6693
DA:388,2019
DA:389,50154
DA:390,50154
DA:392,2019
DA:397,519
DA:398,3
DA:400,516
DA:401,516
DA:402,516
DA:406,2033
DA:407,1517
DA:409,2033
DA:410,2033
DA:411,2033
DA:412,23965
DA:414,2033
DA:416,516
LF:196
LH:195
BRDA:43,0,0,833
BRDA:48,1,0,3
BRDA:48,1,1,831
BRDA:58,2,0,6
BRDA:58,2,1,411
BRDA:74,3,0,1
BRDA:74,3,1,111
BRDA:80,4,0,93
BRDA:80,4,1,400
BRDA:83,5,0,214
BRDA:83,5,1,186
BRDA:83,6,0,400
BRDA:83,6,1,345
BRDA:84,7,0,196
BRDA:84,7,1,18
BRDA:107,8,0,2
BRDA:107,8,1,5136
BRDA:107,9,0,5138
BRDA:107,9,1,5137
BRDA:110,10,0,709
BRDA:110,10,1,4427
BRDA:117,11,0,30683
BRDA:117,11,1,3931
BRDA:118,12,0,4325
BRDA:118,12,1,26358
BRDA:122,13,0,15825
BRDA:122,13,1,10533
BRDA:122,14,0,26358
BRDA:122,14,1,22391
BRDA:123,15,0,15723
BRDA:123,15,1,102
BRDA:131,16,0,2
BRDA:131,16,1,100
BRDA:144,17,0,823
BRDA:144,17,1,14166
BRDA:149,18,0,1
BRDA:149,18,1,14165
BRDA:154,19,0,202
BRDA:154,19,1,13963
BRDA:166,20,0,1
BRDA:166,20,1,148067
BRDA:170,21,0,81133
BRDA:170,21,1,66934
BRDA:170,22,0,148067
BRDA:170,22,1,67771
BRDA:174,23,0,67171
BRDA:174,23,1,13962
BRDA:202,24,0,13659
BRDA:202,24,1,303
BRDA:233,25,0,11281
BRDA:233,25,1,11308
BRDA:234,26,0,22589
BRDA:234,26,1,11308
BRDA:240,27,0,366
BRDA:240,27,1,55497
BRDA:255,28,0,11140
BRDA:255,28,1,168
BRDA:269,29,0,0
BRDA:269,29,1,2681
BRDA:274,30,0,4962
BRDA:274,30,1,2285
BRDA:291,31,0,1
BRDA:291,31,1,109
BRDA:294,32,0,23
BRDA:294,32,1,86
BRDA:311,33,0,1
BRDA:311,33,1,85
BRDA:318,34,0,126
BRDA:318,34,1,277
BRDA:318,35,0,403
BRDA:318,35,1,360
BRDA:321,36,0,83
BRDA:321,36,1,43
BRDA:329,37,0,178
BRDA:329,37,1,99
BRDA:332,38,0,93
BRDA:332,38,1,85
BRDA:353,39,0,0
BRDA:353,39,1,74
BRDA:357,40,0,49
BRDA:357,40,1,25
BRDA:371,41,0,92
BRDA:371,41,1,135
BRDA:381,42,0,1
BRDA:381,42,1,2019
BRDA:397,43,0,3
BRDA:397,43,1,516
BRDA:406,44,0,1517
BRDA:406,44,1,516
BRDA:412,45,0,23965
BRDA:412,45,1,2033
BRF:91
BRH:89
end_of_record
TN:
SF:src/data-structures/stack.ts
FN:21,(anonymous_0)
FN:27,(anonymous_1)
FN:31,(anonymous_2)
FN:35,(anonymous_3)
FN:39,(anonymous_4)
FN:43,(anonymous_5)
FN:52,(anonymous_6)
FN:61,(anonymous_7)
FN:66,(anonymous_8)
FN:74,(anonymous_9)
FN:77,(anonymous_10)
FN:80,(anonymous_11)
FNF:12
FNH:12
FNDA:108,(anonymous_0)
FNDA:222,(anonymous_1)
FNDA:131,(anonymous_2)
FNDA:104,(anonymous_3)
FNDA:3,(anonymous_4)
FNDA:18,(anonymous_5)
FNDA:108,(anonymous_6)
FNDA:233,(anonymous_7)
FNDA:131,(anonymous_8)
FNDA:104,(anonymous_9)
FNDA:3,(anonymous_10)
FNDA:18,(anonymous_11)
DA:19,108
DA:22,108
DA:23,3
DA:28,222
DA:32,131
DA:36,104
DA:40,3
DA:44,18
DA:50,108
DA:53,108
DA:54,108
DA:55,3
DA:56,11
DA:62,233
DA:63,233
DA:67,131
DA:68,131
DA:69,131
DA:70,122
DA:72,131
DA:75,104
DA:78,3
DA:81,18
LF:23
LH:23
BRDA:22,0,0,3
BRDA:22,0,1,105
BRDA:54,1,0,3
BRDA:54,1,1,105
BRDA:69,2,0,122
BRDA:69,2,1,9
BRF:6
BRH:6
end_of_record
