<?xml version="1.0" encoding="UTF-8"?>
<coverage generated="1712255723441" clover="3.2.0">
  <project timestamp="1712255723441" name="All files">
    <metrics statements="315" coveredstatements="314" conditionals="98" coveredconditionals="95" methods="74" coveredmethods="74" elements="487" coveredelements="483" complexity="0" loc="315" ncloc="315" packages="3" files="11" classes="11"/>
    <package name="src">
      <metrics statements="9" coveredstatements="9" conditionals="0" coveredconditionals="0" methods="3" coveredmethods="3"/>
      <file name="error.ts" path="/home/jt/repos/TypeScriptDataStructuresAndAlgorithms/src/error.ts">
        <metrics statements="6" coveredstatements="6" conditionals="0" coveredconditionals="0" methods="2" coveredmethods="2"/>
        <line num="5" count="5" type="stmt"/>
        <line num="8" count="5" type="stmt"/>
        <line num="9" count="5" type="stmt"/>
        <line num="15" count="6" type="stmt"/>
        <line num="16" count="6" type="stmt"/>
        <line num="17" count="6" type="stmt"/>
      </file>
      <file name="util.ts" path="/home/jt/repos/TypeScriptDataStructuresAndAlgorithms/src/util.ts">
        <metrics statements="3" coveredstatements="3" conditionals="0" coveredconditionals="0" methods="1" coveredmethods="1"/>
        <line num="7" count="6" type="stmt"/>
        <line num="8" count="1052" type="stmt"/>
        <line num="9" count="3053" type="stmt"/>
      </file>
    </package>
    <package name="src.algorithms">
      <metrics statements="133" coveredstatements="132" conditionals="46" coveredconditionals="43" methods="19" coveredmethods="19"/>
      <file name="search-linear-collection.ts" path="/home/jt/repos/TypeScriptDataStructuresAndAlgorithms/src/algorithms/search-linear-collection.ts">
        <metrics statements="20" coveredstatements="20" conditionals="6" coveredconditionals="6" methods="4" coveredmethods="4"/>
        <line num="16" count="9" type="stmt"/>
        <line num="17" count="9" type="stmt"/>
        <line num="18" count="6841" type="cond" truecount="2" falsecount="0"/>
        <line num="19" count="8" type="stmt"/>
        <line num="21" count="6833" type="stmt"/>
        <line num="23" count="1" type="stmt"/>
        <line num="36" count="9" type="stmt"/>
        <line num="37" count="21" type="stmt"/>
        <line num="39" count="9" type="stmt"/>
        <line num="40" count="38" type="stmt"/>
        <line num="43" count="9" type="stmt"/>
        <line num="44" count="9" type="stmt"/>
        <line num="46" count="9" type="stmt"/>
        <line num="47" count="38" type="stmt"/>
        <line num="48" count="38" type="cond" truecount="2" falsecount="0"/>
        <line num="49" count="17" type="stmt"/>
        <line num="50" count="21" type="cond" truecount="2" falsecount="0"/>
        <line num="51" count="13" type="stmt"/>
        <line num="53" count="8" type="stmt"/>
        <line num="56" count="1" type="stmt"/>
      </file>
      <file name="search-string.ts" path="/home/jt/repos/TypeScriptDataStructuresAndAlgorithms/src/algorithms/search-string.ts">
        <metrics statements="39" coveredstatements="38" conditionals="10" coveredconditionals="7" methods="6" coveredmethods="6"/>
        <line num="19" count="1" type="stmt"/>
        <line num="21" count="1" type="stmt"/>
        <line num="23" count="1" type="stmt"/>
        <line num="24" count="480" type="stmt"/>
        <line num="26" count="480" type="cond" truecount="1" falsecount="1"/>
        <line num="27" count="0" type="stmt"/>
        <line num="32" count="480" type="stmt"/>
        <line num="35" count="1" type="stmt"/>
        <line num="36" count="22" type="stmt"/>
        <line num="37" count="22" type="stmt"/>
        <line num="38" count="72" type="stmt"/>
        <line num="42" count="22" type="stmt"/>
        <line num="45" count="1" type="stmt"/>
        <line num="51" count="162" type="stmt"/>
        <line num="52" count="162" type="stmt"/>
        <line num="54" count="162" type="stmt"/>
        <line num="55" count="162" type="stmt"/>
        <line num="56" count="162" type="stmt"/>
        <line num="59" count="1" type="stmt"/>
        <line num="70" count="13" type="stmt"/>
        <line num="78" count="13" type="stmt"/>
        <line num="79" count="20" type="stmt"/>
        <line num="83" count="20" type="stmt"/>
        <line num="86" count="13" type="stmt"/>
        <line num="89" count="1" type="stmt"/>
        <line num="100" count="14" type="stmt"/>
        <line num="101" count="14" type="stmt"/>
        <line num="106" count="14" type="stmt"/>
        <line num="110" count="14" type="stmt"/>
        <line num="111" count="14" type="cond" truecount="2" falsecount="0"/>
        <line num="113" count="1" type="stmt"/>
        <line num="115" count="14" type="stmt"/>
        <line num="119" count="14" type="stmt"/>
        <line num="120" count="14" type="stmt"/>
        <line num="121" count="198" type="stmt"/>
        <line num="127" count="198" type="stmt"/>
        <line num="128" count="198" type="cond" truecount="2" falsecount="0"/>
        <line num="129" count="23" type="stmt"/>
        <line num="133" count="14" type="stmt"/>
      </file>
      <file name="sort-linear-collection.ts" path="/home/jt/repos/TypeScriptDataStructuresAndAlgorithms/src/algorithms/sort-linear-collection.ts">
        <metrics statements="43" coveredstatements="43" conditionals="14" coveredconditionals="14" methods="5" coveredmethods="5"/>
        <line num="36" count="216" type="stmt"/>
        <line num="37" count="4231" type="stmt"/>
        <line num="38" count="4231" type="stmt"/>
        <line num="40" count="4231" type="stmt"/>
        <line num="41" count="1993346" type="stmt"/>
        <line num="42" count="1993346" type="cond" truecount="2" falsecount="0"/>
        <line num="43" count="4231" type="stmt"/>
        <line num="44" count="4231" type="stmt"/>
        <line num="45" count="4231" type="stmt"/>
        <line num="48" count="1989115" type="cond" truecount="2" falsecount="0"/>
        <line num="49" count="22065" type="stmt"/>
        <line num="50" count="22065" type="stmt"/>
        <line num="51" count="22065" type="stmt"/>
        <line num="55" count="4231" type="cond" truecount="2" falsecount="0"/>
        <line num="57" count="252" type="stmt"/>
        <line num="59" count="3979" type="stmt"/>
        <line num="74" count="216" type="stmt"/>
        <line num="75" count="4016" type="stmt"/>
        <line num="76" count="1988129" type="cond" truecount="2" falsecount="0"/>
        <line num="77" count="993875" type="stmt"/>
        <line num="94" count="216" type="stmt"/>
        <line num="99" count="4020" type="stmt"/>
        <line num="100" count="39930" type="stmt"/>
        <line num="102" count="4020" type="stmt"/>
        <line num="103" count="4020" type="stmt"/>
        <line num="104" count="4020" type="stmt"/>
        <line num="107" count="4020" type="cond" truecount="2" falsecount="0"/>
        <line num="108" count="34790" type="cond" truecount="2" falsecount="0"/>
        <line num="109" count="17502" type="stmt"/>
        <line num="110" count="17502" type="stmt"/>
        <line num="112" count="17288" type="stmt"/>
        <line num="113" count="17288" type="stmt"/>
        <line num="115" count="34790" type="stmt"/>
        <line num="119" count="4020" type="stmt"/>
        <line num="120" count="4020" type="stmt"/>
        <line num="121" count="2701" type="stmt"/>
        <line num="126" count="8256" type="cond" truecount="2" falsecount="0"/>
        <line num="128" count="4236" type="stmt"/>
        <line num="131" count="4020" type="stmt"/>
        <line num="133" count="4020" type="stmt"/>
        <line num="134" count="4020" type="stmt"/>
        <line num="136" count="4020" type="stmt"/>
        <line num="140" count="216" type="stmt"/>
      </file>
      <file name="sort-radix.ts" path="/home/jt/repos/TypeScriptDataStructuresAndAlgorithms/src/algorithms/sort-radix.ts">
        <metrics statements="31" coveredstatements="31" conditionals="16" coveredconditionals="16" methods="4" coveredmethods="4"/>
        <line num="10" count="1" type="stmt"/>
        <line num="13" count="3121" type="cond" truecount="4" falsecount="0"/>
        <line num="14" count="2" type="stmt"/>
        <line num="16" count="3119" type="stmt"/>
        <line num="17" count="3119" type="stmt"/>
        <line num="18" count="10627" type="stmt"/>
        <line num="20" count="3119" type="stmt"/>
        <line num="23" count="1" type="stmt"/>
        <line num="24" count="9242" type="cond" truecount="4" falsecount="0"/>
        <line num="25" count="2" type="stmt"/>
        <line num="27" count="9240" type="cond" truecount="4" falsecount="0"/>
        <line num="28" count="1" type="stmt"/>
        <line num="30" count="9239" type="cond" truecount="2" falsecount="0"/>
        <line num="31" count="239" type="stmt"/>
        <line num="33" count="9000" type="stmt"/>
        <line num="34" count="9000" type="stmt"/>
        <line num="37" count="1" type="stmt"/>
        <line num="42" count="107" type="stmt"/>
        <line num="43" count="107" type="stmt"/>
        <line num="45" count="2119" type="cond" truecount="2" falsecount="0"/>
        <line num="46" count="131" type="stmt"/>
        <line num="49" count="107" type="stmt"/>
        <line num="52" count="107" type="stmt"/>
        <line num="53" count="210" type="stmt"/>
        <line num="54" count="2100" type="stmt"/>
        <line num="57" count="210" type="stmt"/>
        <line num="58" count="9222" type="stmt"/>
        <line num="59" count="9222" type="stmt"/>
        <line num="63" count="210" type="stmt"/>
        <line num="64" count="210" type="stmt"/>
        <line num="65" count="9222" type="stmt"/>
      </file>
    </package>
    <package name="src.data-structures">
      <metrics statements="173" coveredstatements="173" conditionals="52" coveredconditionals="52" methods="52" coveredmethods="52"/>
      <file name="doubly-linked-list.ts" path="/home/jt/repos/TypeScriptDataStructuresAndAlgorithms/src/data-structures/doubly-linked-list.ts">
        <metrics statements="37" coveredstatements="37" conditionals="10" coveredconditionals="10" methods="11" coveredmethods="11"/>
        <line num="10" count="6049" type="stmt"/>
        <line num="19" count="1" type="stmt"/>
        <line num="27" count="24" type="stmt"/>
        <line num="31" count="19" type="cond" truecount="2" falsecount="0"/>
        <line num="32" count="2" type="stmt"/>
        <line num="33" count="2" type="stmt"/>
        <line num="34" count="2" type="stmt"/>
        <line num="36" count="19" type="stmt"/>
        <line num="40" count="5001" type="stmt"/>
        <line num="41" count="5001" type="cond" truecount="2" falsecount="0"/>
        <line num="42" count="993" type="stmt"/>
        <line num="44" count="5001" type="stmt"/>
        <line num="45" count="5001" type="stmt"/>
        <line num="49" count="3" type="stmt"/>
        <line num="50" count="3" type="stmt"/>
        <line num="51" count="3" type="stmt"/>
        <line num="55" count="998" type="cond" truecount="2" falsecount="0"/>
        <line num="56" count="1" type="stmt"/>
        <line num="58" count="997" type="stmt"/>
        <line num="59" count="997" type="stmt"/>
        <line num="60" count="997" type="stmt"/>
        <line num="62" count="997" type="cond" truecount="2" falsecount="0"/>
        <line num="63" count="995" type="stmt"/>
        <line num="68" count="60" type="stmt"/>
        <line num="72" count="19" type="stmt"/>
        <line num="73" count="19" type="stmt"/>
        <line num="74" count="19" type="stmt"/>
        <line num="75" count="1071" type="stmt"/>
        <line num="76" count="1071" type="stmt"/>
        <line num="78" count="19" type="stmt"/>
        <line num="82" count="2" type="stmt"/>
        <line num="83" count="2" type="stmt"/>
        <line num="85" count="1002" type="cond" truecount="2" falsecount="0"/>
        <line num="86" count="2" type="stmt"/>
        <line num="88" count="1000" type="stmt"/>
        <line num="89" count="1000" type="stmt"/>
        <line num="90" count="1000" type="stmt"/>
      </file>
      <file name="hash-table.ts" path="/home/jt/repos/TypeScriptDataStructuresAndAlgorithms/src/data-structures/hash-table.ts">
        <metrics statements="51" coveredstatements="51" conditionals="24" coveredconditionals="24" methods="6" coveredmethods="6"/>
        <line num="10" count="1" type="stmt"/>
        <line num="11" count="372" type="stmt"/>
        <line num="12" count="372" type="stmt"/>
        <line num="13" count="372" type="stmt"/>
        <line num="14" count="2294" type="stmt"/>
        <line num="17" count="2294" type="stmt"/>
        <line num="19" count="2294" type="stmt"/>
        <line num="21" count="372" type="stmt"/>
        <line num="35" count="24" type="stmt"/>
        <line num="37" count="24" type="stmt"/>
        <line num="38" count="24" type="cond" truecount="2" falsecount="0"/>
        <line num="39" count="23" type="stmt"/>
        <line num="41" count="1" type="stmt"/>
        <line num="42" count="4" type="stmt"/>
        <line num="47" count="179" type="stmt"/>
        <line num="48" count="179" type="stmt"/>
        <line num="49" count="179" type="cond" truecount="2" falsecount="0"/>
        <line num="50" count="1" type="stmt"/>
        <line num="52" count="178" type="stmt"/>
        <line num="53" count="2683" type="cond" truecount="2" falsecount="0"/>
        <line num="54" count="177" type="stmt"/>
        <line num="57" count="1" type="stmt"/>
        <line num="61" count="151" type="stmt"/>
        <line num="62" count="151" type="cond" truecount="2" falsecount="0"/>
        <line num="63" count="48" type="stmt"/>
        <line num="65" count="151" type="stmt"/>
        <line num="68" count="151" type="stmt"/>
        <line num="69" count="1339" type="cond" truecount="2" falsecount="0"/>
        <line num="70" count="3" type="cond" truecount="2" falsecount="0"/>
        <line num="71" count="1" type="stmt"/>
        <line num="73" count="2" type="stmt"/>
        <line num="74" count="2" type="stmt"/>
        <line num="77" count="148" type="stmt"/>
        <line num="81" count="24" type="stmt"/>
        <line num="82" count="24" type="cond" truecount="2" falsecount="0"/>
        <line num="83" count="5" type="cond" truecount="2" falsecount="0"/>
        <line num="84" count="3" type="stmt"/>
        <line num="86" count="2" type="stmt"/>
        <line num="88" count="19" type="stmt"/>
        <line num="92" count="19" type="cond" truecount="2" falsecount="0"/>
        <line num="93" count="4" type="stmt"/>
        <line num="94" count="4" type="stmt"/>
        <line num="96" count="15" type="stmt"/>
        <line num="97" count="129" type="stmt"/>
        <line num="98" count="129" type="cond" truecount="2" falsecount="0"/>
        <line num="99" count="13" type="stmt"/>
        <line num="100" count="13" type="stmt"/>
        <line num="102" count="116" type="stmt"/>
        <line num="104" count="2" type="cond" truecount="2" falsecount="0"/>
        <line num="105" count="1" type="stmt"/>
        <line num="112" count="2" type="stmt"/>
      </file>
      <file name="queue.ts" path="/home/jt/repos/TypeScriptDataStructuresAndAlgorithms/src/data-structures/queue.ts">
        <metrics statements="29" coveredstatements="29" conditionals="8" coveredconditionals="8" methods="12" coveredmethods="12"/>
        <line num="19" count="108" type="stmt"/>
        <line num="22" count="108" type="cond" truecount="2" falsecount="0"/>
        <line num="23" count="3" type="stmt"/>
        <line num="28" count="222" type="stmt"/>
        <line num="31" count="131" type="stmt"/>
        <line num="34" count="104" type="stmt"/>
        <line num="37" count="3" type="stmt"/>
        <line num="40" count="18" type="stmt"/>
        <line num="47" count="108" type="stmt"/>
        <line num="50" count="108" type="stmt"/>
        <line num="51" count="108" type="cond" truecount="2" falsecount="0"/>
        <line num="52" count="3" type="stmt"/>
        <line num="53" count="11" type="stmt"/>
        <line num="59" count="233" type="stmt"/>
        <line num="60" count="233" type="stmt"/>
        <line num="61" count="233" type="stmt"/>
        <line num="62" count="233" type="stmt"/>
        <line num="63" count="233" type="cond" truecount="2" falsecount="0"/>
        <line num="64" count="106" type="stmt"/>
        <line num="65" count="106" type="stmt"/>
        <line num="67" count="127" type="stmt"/>
        <line num="70" count="131" type="stmt"/>
        <line num="71" count="131" type="stmt"/>
        <line num="72" count="131" type="cond" truecount="2" falsecount="0"/>
        <line num="73" count="122" type="stmt"/>
        <line num="75" count="131" type="stmt"/>
        <line num="78" count="235" type="stmt"/>
        <line num="81" count="236" type="stmt"/>
        <line num="86" count="18" type="stmt"/>
      </file>
      <file name="singly-linked-list.ts" path="/home/jt/repos/TypeScriptDataStructuresAndAlgorithms/src/data-structures/singly-linked-list.ts">
        <metrics statements="33" coveredstatements="33" conditionals="4" coveredconditionals="4" methods="11" coveredmethods="11"/>
        <line num="9" count="2696" type="stmt"/>
        <line num="17" count="298" type="stmt"/>
        <line num="21" count="515" type="stmt"/>
        <line num="22" count="515" type="stmt"/>
        <line num="26" count="129" type="stmt"/>
        <line num="27" count="129" type="stmt"/>
        <line num="31" count="272" type="stmt"/>
        <line num="32" count="272" type="cond" truecount="2" falsecount="0"/>
        <line num="33" count="31" type="stmt"/>
        <line num="34" count="31" type="stmt"/>
        <line num="35" count="31" type="stmt"/>
        <line num="37" count="241" type="stmt"/>
        <line num="41" count="19" type="stmt"/>
        <line num="42" count="19" type="stmt"/>
        <line num="43" count="19" type="stmt"/>
        <line num="47" count="1160" type="stmt"/>
        <line num="51" count="26" type="stmt"/>
        <line num="52" count="26" type="stmt"/>
        <line num="53" count="26" type="stmt"/>
        <line num="54" count="2026" type="stmt"/>
        <line num="55" count="2026" type="stmt"/>
        <line num="57" count="26" type="stmt"/>
        <line num="61" count="4" type="stmt"/>
        <line num="62" count="4" type="stmt"/>
        <line num="64" count="2004" type="cond" truecount="2" falsecount="0"/>
        <line num="65" count="4" type="stmt"/>
        <line num="67" count="2000" type="stmt"/>
        <line num="68" count="2000" type="stmt"/>
        <line num="69" count="2000" type="stmt"/>
        <line num="76" count="8" type="stmt"/>
        <line num="77" count="8" type="stmt"/>
        <line num="78" count="8" type="stmt"/>
        <line num="80" count="8" type="stmt"/>
      </file>
      <file name="stack.ts" path="/home/jt/repos/TypeScriptDataStructuresAndAlgorithms/src/data-structures/stack.ts">
        <metrics statements="23" coveredstatements="23" conditionals="6" coveredconditionals="6" methods="12" coveredmethods="12"/>
        <line num="19" count="108" type="stmt"/>
        <line num="22" count="108" type="cond" truecount="2" falsecount="0"/>
        <line num="23" count="3" type="stmt"/>
        <line num="28" count="222" type="stmt"/>
        <line num="31" count="131" type="stmt"/>
        <line num="34" count="104" type="stmt"/>
        <line num="37" count="3" type="stmt"/>
        <line num="40" count="18" type="stmt"/>
        <line num="46" count="108" type="stmt"/>
        <line num="49" count="108" type="stmt"/>
        <line num="50" count="108" type="cond" truecount="2" falsecount="0"/>
        <line num="51" count="3" type="stmt"/>
        <line num="52" count="11" type="stmt"/>
        <line num="58" count="233" type="stmt"/>
        <line num="59" count="233" type="stmt"/>
        <line num="62" count="131" type="stmt"/>
        <line num="63" count="131" type="stmt"/>
        <line num="64" count="131" type="cond" truecount="2" falsecount="0"/>
        <line num="65" count="122" type="stmt"/>
        <line num="67" count="131" type="stmt"/>
        <line num="70" count="104" type="stmt"/>
        <line num="73" count="3" type="stmt"/>
        <line num="76" count="18" type="stmt"/>
      </file>
    </package>
  </project>
</coverage>
